{"/Users/nnaidoo/dev/vscode-extensions/string-le/src/extension.ts": {"path":"/Users/nnaidoo/dev/vscode-extensions/string-le/src/extension.ts","all":false,"statementMap":{"2":{"start":{"line":3,"column":0},"end":{"line":3,"column":49}},"3":{"start":{"line":4,"column":0},"end":{"line":4,"column":64}},"4":{"start":{"line":5,"column":0},"end":{"line":5,"column":62}},"5":{"start":{"line":6,"column":0},"end":{"line":6,"column":56}},"6":{"start":{"line":7,"column":0},"end":{"line":7,"column":47}},"7":{"start":{"line":8,"column":0},"end":{"line":8,"column":49}},"9":{"start":{"line":10,"column":0},"end":{"line":10,"column":37}},"11":{"start":{"line":12,"column":0},"end":{"line":12,"column":66}},"12":{"start":{"line":13,"column":0},"end":{"line":13,"column":44}},"13":{"start":{"line":14,"column":0},"end":{"line":14,"column":35}},"14":{"start":{"line":15,"column":0},"end":{"line":15,"column":44}},"17":{"start":{"line":18,"column":0},"end":{"line":18,"column":66}},"18":{"start":{"line":19,"column":0},"end":{"line":19,"column":30}},"19":{"start":{"line":20,"column":0},"end":{"line":20,"column":49}},"21":{"start":{"line":22,"column":0},"end":{"line":22,"column":40}},"22":{"start":{"line":23,"column":0},"end":{"line":23,"column":1}}},"s":{"2":1,"3":1,"4":1,"5":1,"6":1,"7":1,"9":1,"11":1,"12":5,"13":5,"14":5,"17":5,"18":5,"19":5,"21":5,"22":5},"branchMap":{"0":{"type":"branch","line":10,"loc":{"start":{"line":10,"column":7},"end":{"line":10,"column":37}},"locations":[{"start":{"line":10,"column":7},"end":{"line":10,"column":37}}]},"1":{"type":"branch","line":12,"loc":{"start":{"line":12,"column":7},"end":{"line":23,"column":1}},"locations":[{"start":{"line":12,"column":7},"end":{"line":23,"column":1}}]}},"b":{"0":[1],"1":[5]},"fnMap":{"0":{"name":"deactivate","decl":{"start":{"line":10,"column":7},"end":{"line":10,"column":37}},"loc":{"start":{"line":10,"column":7},"end":{"line":10,"column":37}},"line":10},"1":{"name":"activate","decl":{"start":{"line":12,"column":7},"end":{"line":23,"column":1}},"loc":{"start":{"line":12,"column":7},"end":{"line":23,"column":1}},"line":12}},"f":{"0":1,"1":5}}
,"/Users/nnaidoo/dev/vscode-extensions/string-le/src/types.ts": {"path":"/Users/nnaidoo/dev/vscode-extensions/string-le/src/types.ts","all":true,"statementMap":{},"s":{},"branchMap":{"0":{"type":"branch","line":1,"loc":{"start":{"line":1,"column":302},"end":{"line":12,"column":23}},"locations":[{"start":{"line":1,"column":302},"end":{"line":12,"column":23}}]}},"b":{"0":[1]},"fnMap":{"0":{"name":"(empty-report)","decl":{"start":{"line":1,"column":302},"end":{"line":12,"column":23}},"loc":{"start":{"line":1,"column":302},"end":{"line":12,"column":23}},"line":1}},"f":{"0":1}}
,"/Users/nnaidoo/dev/vscode-extensions/string-le/src/commands/dedupe.ts": {"path":"/Users/nnaidoo/dev/vscode-extensions/string-le/src/commands/dedupe.ts","all":false,"statementMap":{"0":{"start":{"line":1,"column":0},"end":{"line":1,"column":33}},"1":{"start":{"line":2,"column":0},"end":{"line":2,"column":39}},"2":{"start":{"line":3,"column":0},"end":{"line":3,"column":55}},"4":{"start":{"line":5,"column":0},"end":{"line":5,"column":79}},"5":{"start":{"line":6,"column":0},"end":{"line":6,"column":28}},"6":{"start":{"line":7,"column":0},"end":{"line":7,"column":34}},"7":{"start":{"line":8,"column":0},"end":{"line":8,"column":34}},"8":{"start":{"line":9,"column":0},"end":{"line":9,"column":31}},"9":{"start":{"line":10,"column":0},"end":{"line":10,"column":50}},"10":{"start":{"line":11,"column":0},"end":{"line":11,"column":18}},"11":{"start":{"line":12,"column":0},"end":{"line":12,"column":58}},"12":{"start":{"line":13,"column":0},"end":{"line":13,"column":12}},"13":{"start":{"line":14,"column":0},"end":{"line":14,"column":5}},"14":{"start":{"line":15,"column":0},"end":{"line":15,"column":60}},"15":{"start":{"line":16,"column":0},"end":{"line":16,"column":48}},"16":{"start":{"line":17,"column":0},"end":{"line":17,"column":62}},"17":{"start":{"line":18,"column":0},"end":{"line":18,"column":18}},"18":{"start":{"line":19,"column":0},"end":{"line":19,"column":68}},"19":{"start":{"line":20,"column":0},"end":{"line":20,"column":5}},"20":{"start":{"line":21,"column":0},"end":{"line":21,"column":5}},"21":{"start":{"line":22,"column":0},"end":{"line":22,"column":4}},"22":{"start":{"line":23,"column":0},"end":{"line":23,"column":3}},"23":{"start":{"line":24,"column":0},"end":{"line":24,"column":1}}},"s":{"0":1,"1":1,"2":1,"4":1,"5":12,"6":12,"7":12,"8":12,"9":7,"10":7,"11":1,"12":1,"13":1,"14":6,"15":6,"16":6,"17":6,"18":6,"19":6,"20":7,"21":12,"22":12,"23":12},"branchMap":{"0":{"type":"branch","line":5,"loc":{"start":{"line":5,"column":7},"end":{"line":24,"column":1}},"locations":[{"start":{"line":5,"column":7},"end":{"line":24,"column":1}}]},"1":{"type":"branch","line":9,"loc":{"start":{"line":9,"column":3},"end":{"line":21,"column":5}},"locations":[{"start":{"line":9,"column":3},"end":{"line":21,"column":5}}]},"2":{"type":"branch","line":11,"loc":{"start":{"line":11,"column":17},"end":{"line":14,"column":5}},"locations":[{"start":{"line":11,"column":17},"end":{"line":14,"column":5}}]},"3":{"type":"branch","line":14,"loc":{"start":{"line":14,"column":4},"end":{"line":20,"column":5}},"locations":[{"start":{"line":14,"column":4},"end":{"line":20,"column":5}}]}},"b":{"0":[12],"1":[7],"2":[1],"3":[6]},"fnMap":{"0":{"name":"registerDedupeCommand","decl":{"start":{"line":5,"column":7},"end":{"line":24,"column":1}},"loc":{"start":{"line":5,"column":7},"end":{"line":24,"column":1}},"line":5}},"f":{"0":12}}
,"/Users/nnaidoo/dev/vscode-extensions/string-le/src/commands/extract.ts": {"path":"/Users/nnaidoo/dev/vscode-extensions/string-le/src/commands/extract.ts","all":false,"statementMap":{"0":{"start":{"line":1,"column":0},"end":{"line":1,"column":33}},"1":{"start":{"line":2,"column":0},"end":{"line":2,"column":34}},"2":{"start":{"line":3,"column":0},"end":{"line":3,"column":46}},"3":{"start":{"line":4,"column":0},"end":{"line":4,"column":8}},"8":{"start":{"line":9,"column":0},"end":{"line":9,"column":55}},"9":{"start":{"line":10,"column":0},"end":{"line":10,"column":61}},"11":{"start":{"line":12,"column":0},"end":{"line":12,"column":8}},"16":{"start":{"line":17,"column":0},"end":{"line":17,"column":8}},"22":{"start":{"line":23,"column":0},"end":{"line":23,"column":44}},"23":{"start":{"line":24,"column":0},"end":{"line":24,"column":55}},"24":{"start":{"line":25,"column":0},"end":{"line":25,"column":52}},"26":{"start":{"line":27,"column":0},"end":{"line":27,"column":73}},"29":{"start":{"line":30,"column":0},"end":{"line":30,"column":68}},"30":{"start":{"line":31,"column":0},"end":{"line":31,"column":75}},"31":{"start":{"line":32,"column":0},"end":{"line":32,"column":1}},"34":{"start":{"line":35,"column":0},"end":{"line":35,"column":32}},"35":{"start":{"line":36,"column":0},"end":{"line":36,"column":39}},"36":{"start":{"line":37,"column":0},"end":{"line":37,"column":59}},"37":{"start":{"line":38,"column":0},"end":{"line":38,"column":35}},"38":{"start":{"line":39,"column":0},"end":{"line":39,"column":68}},"39":{"start":{"line":40,"column":0},"end":{"line":40,"column":36}},"40":{"start":{"line":41,"column":0},"end":{"line":41,"column":48}},"41":{"start":{"line":42,"column":0},"end":{"line":42,"column":2}},"42":{"start":{"line":43,"column":0},"end":{"line":43,"column":16}},"43":{"start":{"line":44,"column":0},"end":{"line":44,"column":1}},"60":{"start":{"line":61,"column":0},"end":{"line":61,"column":44}},"61":{"start":{"line":62,"column":0},"end":{"line":62,"column":33}},"62":{"start":{"line":63,"column":0},"end":{"line":63,"column":78}},"64":{"start":{"line":65,"column":0},"end":{"line":65,"column":47}},"66":{"start":{"line":67,"column":0},"end":{"line":67,"column":15}},"67":{"start":{"line":68,"column":0},"end":{"line":68,"column":22}},"68":{"start":{"line":69,"column":0},"end":{"line":69,"column":67}},"69":{"start":{"line":70,"column":0},"end":{"line":70,"column":4}},"70":{"start":{"line":71,"column":0},"end":{"line":71,"column":14}},"71":{"start":{"line":72,"column":0},"end":{"line":72,"column":2}},"74":{"start":{"line":75,"column":0},"end":{"line":75,"column":34}},"77":{"start":{"line":78,"column":0},"end":{"line":78,"column":6}},"78":{"start":{"line":79,"column":0},"end":{"line":79,"column":34}},"79":{"start":{"line":80,"column":0},"end":{"line":80,"column":33}},"80":{"start":{"line":81,"column":0},"end":{"line":81,"column":22}},"81":{"start":{"line":82,"column":0},"end":{"line":82,"column":65}},"82":{"start":{"line":83,"column":0},"end":{"line":83,"column":5}},"83":{"start":{"line":84,"column":0},"end":{"line":84,"column":15}},"84":{"start":{"line":85,"column":0},"end":{"line":85,"column":3}},"87":{"start":{"line":88,"column":0},"end":{"line":88,"column":74}},"88":{"start":{"line":89,"column":0},"end":{"line":89,"column":18}},"89":{"start":{"line":90,"column":0},"end":{"line":90,"column":44}},"90":{"start":{"line":91,"column":0},"end":{"line":91,"column":28}},"91":{"start":{"line":92,"column":0},"end":{"line":92,"column":21}},"92":{"start":{"line":93,"column":0},"end":{"line":93,"column":3}},"93":{"start":{"line":94,"column":0},"end":{"line":94,"column":39}},"94":{"start":{"line":95,"column":0},"end":{"line":95,"column":44}},"95":{"start":{"line":96,"column":0},"end":{"line":96,"column":28}},"96":{"start":{"line":97,"column":0},"end":{"line":97,"column":42}},"97":{"start":{"line":98,"column":0},"end":{"line":98,"column":3}},"99":{"start":{"line":100,"column":0},"end":{"line":100,"column":38}},"100":{"start":{"line":101,"column":0},"end":{"line":101,"column":19}},"102":{"start":{"line":103,"column":0},"end":{"line":103,"column":22}},"103":{"start":{"line":104,"column":0},"end":{"line":104,"column":12}},"104":{"start":{"line":105,"column":0},"end":{"line":105,"column":45}},"105":{"start":{"line":106,"column":0},"end":{"line":106,"column":34}},"106":{"start":{"line":107,"column":0},"end":{"line":107,"column":5}},"107":{"start":{"line":108,"column":0},"end":{"line":108,"column":4}},"108":{"start":{"line":109,"column":0},"end":{"line":109,"column":14}},"109":{"start":{"line":110,"column":0},"end":{"line":110,"column":2}},"110":{"start":{"line":111,"column":0},"end":{"line":111,"column":1}},"113":{"start":{"line":114,"column":0},"end":{"line":114,"column":46}},"114":{"start":{"line":115,"column":0},"end":{"line":115,"column":28}},"115":{"start":{"line":116,"column":0},"end":{"line":116,"column":33}},"116":{"start":{"line":117,"column":0},"end":{"line":117,"column":21}},"117":{"start":{"line":118,"column":0},"end":{"line":118,"column":52}},"119":{"start":{"line":120,"column":0},"end":{"line":120,"column":5}},"120":{"start":{"line":121,"column":0},"end":{"line":121,"column":33}},"121":{"start":{"line":122,"column":0},"end":{"line":122,"column":75}},"122":{"start":{"line":123,"column":0},"end":{"line":123,"column":4}},"123":{"start":{"line":124,"column":0},"end":{"line":124,"column":35}},"124":{"start":{"line":125,"column":0},"end":{"line":125,"column":2}},"127":{"start":{"line":128,"column":0},"end":{"line":128,"column":26}},"128":{"start":{"line":129,"column":0},"end":{"line":129,"column":61}},"129":{"start":{"line":130,"column":0},"end":{"line":130,"column":60}},"130":{"start":{"line":131,"column":0},"end":{"line":131,"column":69}},"131":{"start":{"line":132,"column":0},"end":{"line":132,"column":52}},"132":{"start":{"line":133,"column":0},"end":{"line":133,"column":40}},"135":{"start":{"line":136,"column":0},"end":{"line":136,"column":52}},"136":{"start":{"line":137,"column":0},"end":{"line":137,"column":31}},"137":{"start":{"line":138,"column":0},"end":{"line":138,"column":54}},"138":{"start":{"line":139,"column":0},"end":{"line":139,"column":4}},"139":{"start":{"line":140,"column":0},"end":{"line":140,"column":3}},"140":{"start":{"line":141,"column":0},"end":{"line":141,"column":60}},"142":{"start":{"line":143,"column":0},"end":{"line":143,"column":5}},"143":{"start":{"line":144,"column":0},"end":{"line":144,"column":25}},"144":{"start":{"line":145,"column":0},"end":{"line":145,"column":59}},"145":{"start":{"line":146,"column":0},"end":{"line":146,"column":53}},"146":{"start":{"line":147,"column":0},"end":{"line":147,"column":4}},"147":{"start":{"line":148,"column":0},"end":{"line":148,"column":78}},"148":{"start":{"line":149,"column":0},"end":{"line":149,"column":46}},"149":{"start":{"line":150,"column":0},"end":{"line":150,"column":2}},"151":{"start":{"line":152,"column":0},"end":{"line":152,"column":53}},"153":{"start":{"line":154,"column":0},"end":{"line":154,"column":24}},"154":{"start":{"line":155,"column":0},"end":{"line":155,"column":66}},"155":{"start":{"line":156,"column":0},"end":{"line":156,"column":9}},"156":{"start":{"line":157,"column":0},"end":{"line":157,"column":69}},"157":{"start":{"line":158,"column":0},"end":{"line":158,"column":2}},"159":{"start":{"line":160,"column":0},"end":{"line":160,"column":68}},"160":{"start":{"line":161,"column":0},"end":{"line":161,"column":22}},"161":{"start":{"line":162,"column":0},"end":{"line":162,"column":69}},"162":{"start":{"line":163,"column":0},"end":{"line":163,"column":3}},"163":{"start":{"line":164,"column":0},"end":{"line":164,"column":31}},"164":{"start":{"line":165,"column":0},"end":{"line":165,"column":24}},"165":{"start":{"line":166,"column":0},"end":{"line":166,"column":1}},"168":{"start":{"line":169,"column":0},"end":{"line":169,"column":42}},"169":{"start":{"line":170,"column":0},"end":{"line":170,"column":28}},"170":{"start":{"line":171,"column":0},"end":{"line":171,"column":34}},"171":{"start":{"line":172,"column":0},"end":{"line":172,"column":33}},"172":{"start":{"line":173,"column":0},"end":{"line":173,"column":18}},"173":{"start":{"line":174,"column":0},"end":{"line":174,"column":52}},"174":{"start":{"line":175,"column":0},"end":{"line":175,"column":67}},"176":{"start":{"line":177,"column":0},"end":{"line":177,"column":6}},"177":{"start":{"line":178,"column":0},"end":{"line":178,"column":36}},"178":{"start":{"line":179,"column":0},"end":{"line":179,"column":44}},"180":{"start":{"line":181,"column":0},"end":{"line":181,"column":8}},"181":{"start":{"line":182,"column":0},"end":{"line":182,"column":57}},"182":{"start":{"line":183,"column":0},"end":{"line":183,"column":17}},"183":{"start":{"line":184,"column":0},"end":{"line":184,"column":27}},"184":{"start":{"line":185,"column":0},"end":{"line":185,"column":7}},"185":{"start":{"line":186,"column":0},"end":{"line":186,"column":66}},"186":{"start":{"line":187,"column":0},"end":{"line":187,"column":9}},"187":{"start":{"line":188,"column":0},"end":{"line":188,"column":37}},"188":{"start":{"line":189,"column":0},"end":{"line":189,"column":21}},"189":{"start":{"line":190,"column":0},"end":{"line":190,"column":26}},"190":{"start":{"line":191,"column":0},"end":{"line":191,"column":8}},"191":{"start":{"line":192,"column":0},"end":{"line":192,"column":6}},"194":{"start":{"line":195,"column":0},"end":{"line":195,"column":31}},"195":{"start":{"line":196,"column":0},"end":{"line":196,"column":24}},"196":{"start":{"line":197,"column":0},"end":{"line":197,"column":15}},"197":{"start":{"line":198,"column":0},"end":{"line":198,"column":39}},"198":{"start":{"line":199,"column":0},"end":{"line":199,"column":123}},"199":{"start":{"line":200,"column":0},"end":{"line":200,"column":8}},"200":{"start":{"line":201,"column":0},"end":{"line":201,"column":7}},"201":{"start":{"line":202,"column":0},"end":{"line":202,"column":5}},"203":{"start":{"line":204,"column":0},"end":{"line":204,"column":31}},"205":{"start":{"line":206,"column":0},"end":{"line":206,"column":46}},"206":{"start":{"line":207,"column":0},"end":{"line":207,"column":38}},"207":{"start":{"line":208,"column":0},"end":{"line":208,"column":41}},"208":{"start":{"line":209,"column":0},"end":{"line":209,"column":51}},"209":{"start":{"line":210,"column":0},"end":{"line":210,"column":13}},"210":{"start":{"line":211,"column":0},"end":{"line":211,"column":6}},"212":{"start":{"line":213,"column":0},"end":{"line":213,"column":48}},"213":{"start":{"line":214,"column":0},"end":{"line":214,"column":18}},"215":{"start":{"line":216,"column":0},"end":{"line":216,"column":47}},"217":{"start":{"line":218,"column":0},"end":{"line":218,"column":42}},"218":{"start":{"line":219,"column":0},"end":{"line":219,"column":38}},"219":{"start":{"line":220,"column":0},"end":{"line":220,"column":43}},"220":{"start":{"line":221,"column":0},"end":{"line":221,"column":9}},"221":{"start":{"line":222,"column":0},"end":{"line":222,"column":8}},"222":{"start":{"line":223,"column":0},"end":{"line":223,"column":31}},"223":{"start":{"line":224,"column":0},"end":{"line":224,"column":8}},"224":{"start":{"line":225,"column":0},"end":{"line":225,"column":6}},"226":{"start":{"line":227,"column":0},"end":{"line":227,"column":26}},"227":{"start":{"line":228,"column":0},"end":{"line":228,"column":31}},"228":{"start":{"line":229,"column":0},"end":{"line":229,"column":24}},"229":{"start":{"line":230,"column":0},"end":{"line":230,"column":25}},"230":{"start":{"line":231,"column":0},"end":{"line":231,"column":47}},"231":{"start":{"line":232,"column":0},"end":{"line":232,"column":63}},"232":{"start":{"line":233,"column":0},"end":{"line":233,"column":7}},"233":{"start":{"line":234,"column":0},"end":{"line":234,"column":58}},"234":{"start":{"line":235,"column":0},"end":{"line":235,"column":44}},"235":{"start":{"line":236,"column":0},"end":{"line":236,"column":8}},"236":{"start":{"line":237,"column":0},"end":{"line":237,"column":6}},"238":{"start":{"line":239,"column":0},"end":{"line":239,"column":54}},"239":{"start":{"line":240,"column":0},"end":{"line":240,"column":31}},"241":{"start":{"line":242,"column":0},"end":{"line":242,"column":35}},"242":{"start":{"line":243,"column":0},"end":{"line":243,"column":46}},"243":{"start":{"line":244,"column":0},"end":{"line":244,"column":21}},"244":{"start":{"line":245,"column":0},"end":{"line":245,"column":28}},"245":{"start":{"line":246,"column":0},"end":{"line":246,"column":64}},"246":{"start":{"line":247,"column":0},"end":{"line":247,"column":47}},"247":{"start":{"line":248,"column":0},"end":{"line":248,"column":20}},"248":{"start":{"line":249,"column":0},"end":{"line":249,"column":22}},"249":{"start":{"line":250,"column":0},"end":{"line":250,"column":6}},"250":{"start":{"line":251,"column":0},"end":{"line":251,"column":5}},"251":{"start":{"line":252,"column":0},"end":{"line":252,"column":41}},"252":{"start":{"line":253,"column":0},"end":{"line":253,"column":19}},"253":{"start":{"line":254,"column":0},"end":{"line":254,"column":5}},"254":{"start":{"line":255,"column":0},"end":{"line":255,"column":29}},"255":{"start":{"line":256,"column":0},"end":{"line":256,"column":33}},"256":{"start":{"line":257,"column":0},"end":{"line":257,"column":25}},"257":{"start":{"line":258,"column":0},"end":{"line":258,"column":15}},"258":{"start":{"line":259,"column":0},"end":{"line":259,"column":45}},"259":{"start":{"line":260,"column":0},"end":{"line":260,"column":42}},"260":{"start":{"line":261,"column":0},"end":{"line":261,"column":11}},"261":{"start":{"line":262,"column":0},"end":{"line":262,"column":21}},"262":{"start":{"line":263,"column":0},"end":{"line":263,"column":8}},"263":{"start":{"line":264,"column":0},"end":{"line":264,"column":7}},"264":{"start":{"line":265,"column":0},"end":{"line":265,"column":5}},"266":{"start":{"line":267,"column":0},"end":{"line":267,"column":4}},"267":{"start":{"line":268,"column":0},"end":{"line":268,"column":3}},"268":{"start":{"line":269,"column":0},"end":{"line":269,"column":12}},"270":{"start":{"line":271,"column":0},"end":{"line":271,"column":39}},"271":{"start":{"line":272,"column":0},"end":{"line":272,"column":8}},"272":{"start":{"line":273,"column":0},"end":{"line":273,"column":28}},"273":{"start":{"line":274,"column":0},"end":{"line":274,"column":12}},"275":{"start":{"line":276,"column":0},"end":{"line":276,"column":4}},"276":{"start":{"line":277,"column":0},"end":{"line":277,"column":3}},"277":{"start":{"line":278,"column":0},"end":{"line":278,"column":2}},"278":{"start":{"line":279,"column":0},"end":{"line":279,"column":1}},"281":{"start":{"line":282,"column":0},"end":{"line":282,"column":45}},"282":{"start":{"line":283,"column":0},"end":{"line":283,"column":28}},"283":{"start":{"line":284,"column":0},"end":{"line":284,"column":34}},"284":{"start":{"line":285,"column":0},"end":{"line":285,"column":33}},"285":{"start":{"line":286,"column":0},"end":{"line":286,"column":18}},"286":{"start":{"line":287,"column":0},"end":{"line":287,"column":52}},"287":{"start":{"line":288,"column":0},"end":{"line":288,"column":43}},"288":{"start":{"line":289,"column":0},"end":{"line":289,"column":40}},"289":{"start":{"line":290,"column":0},"end":{"line":290,"column":34}},"291":{"start":{"line":292,"column":0},"end":{"line":292,"column":35}},"292":{"start":{"line":293,"column":0},"end":{"line":293,"column":44}},"294":{"start":{"line":295,"column":0},"end":{"line":295,"column":28}},"295":{"start":{"line":296,"column":0},"end":{"line":296,"column":45}},"296":{"start":{"line":297,"column":0},"end":{"line":297,"column":61}},"297":{"start":{"line":298,"column":0},"end":{"line":298,"column":5}},"298":{"start":{"line":299,"column":0},"end":{"line":299,"column":23}},"299":{"start":{"line":300,"column":0},"end":{"line":300,"column":56}},"300":{"start":{"line":301,"column":0},"end":{"line":301,"column":42}},"301":{"start":{"line":302,"column":0},"end":{"line":302,"column":6}},"302":{"start":{"line":303,"column":0},"end":{"line":303,"column":4}},"304":{"start":{"line":305,"column":0},"end":{"line":305,"column":66}},"305":{"start":{"line":306,"column":0},"end":{"line":306,"column":63}},"306":{"start":{"line":307,"column":0},"end":{"line":307,"column":36}},"307":{"start":{"line":308,"column":0},"end":{"line":308,"column":35}},"308":{"start":{"line":309,"column":0},"end":{"line":309,"column":13}},"310":{"start":{"line":311,"column":0},"end":{"line":311,"column":44}},"312":{"start":{"line":313,"column":0},"end":{"line":313,"column":7}},"313":{"start":{"line":314,"column":0},"end":{"line":314,"column":56}},"314":{"start":{"line":315,"column":0},"end":{"line":315,"column":39}},"315":{"start":{"line":316,"column":0},"end":{"line":316,"column":26}},"316":{"start":{"line":317,"column":0},"end":{"line":317,"column":6}},"317":{"start":{"line":318,"column":0},"end":{"line":318,"column":40}},"318":{"start":{"line":319,"column":0},"end":{"line":319,"column":8}},"319":{"start":{"line":320,"column":0},"end":{"line":320,"column":36}},"320":{"start":{"line":321,"column":0},"end":{"line":321,"column":20}},"321":{"start":{"line":322,"column":0},"end":{"line":322,"column":25}},"322":{"start":{"line":323,"column":0},"end":{"line":323,"column":7}},"323":{"start":{"line":324,"column":0},"end":{"line":324,"column":5}},"324":{"start":{"line":325,"column":0},"end":{"line":325,"column":28}},"325":{"start":{"line":326,"column":0},"end":{"line":326,"column":32}},"326":{"start":{"line":327,"column":0},"end":{"line":327,"column":24}},"327":{"start":{"line":328,"column":0},"end":{"line":328,"column":14}},"328":{"start":{"line":329,"column":0},"end":{"line":329,"column":43}},"329":{"start":{"line":330,"column":0},"end":{"line":330,"column":31}},"330":{"start":{"line":331,"column":0},"end":{"line":331,"column":7}},"331":{"start":{"line":332,"column":0},"end":{"line":332,"column":6}},"332":{"start":{"line":333,"column":0},"end":{"line":333,"column":4}},"333":{"start":{"line":334,"column":0},"end":{"line":334,"column":3}},"334":{"start":{"line":335,"column":0},"end":{"line":335,"column":2}},"335":{"start":{"line":336,"column":0},"end":{"line":336,"column":1}},"338":{"start":{"line":339,"column":0},"end":{"line":339,"column":44}},"339":{"start":{"line":340,"column":0},"end":{"line":340,"column":28}},"340":{"start":{"line":341,"column":0},"end":{"line":341,"column":33}},"341":{"start":{"line":342,"column":0},"end":{"line":342,"column":21}},"342":{"start":{"line":343,"column":0},"end":{"line":343,"column":62}},"344":{"start":{"line":345,"column":0},"end":{"line":345,"column":57}},"345":{"start":{"line":346,"column":0},"end":{"line":346,"column":36}},"346":{"start":{"line":347,"column":0},"end":{"line":347,"column":2}},"348":{"start":{"line":349,"column":0},"end":{"line":349,"column":63}},"350":{"start":{"line":351,"column":0},"end":{"line":351,"column":6}},"351":{"start":{"line":352,"column":0},"end":{"line":352,"column":55}},"352":{"start":{"line":353,"column":0},"end":{"line":353,"column":15}},"353":{"start":{"line":354,"column":0},"end":{"line":354,"column":25}},"354":{"start":{"line":355,"column":0},"end":{"line":355,"column":5}},"355":{"start":{"line":356,"column":0},"end":{"line":356,"column":64}},"356":{"start":{"line":357,"column":0},"end":{"line":357,"column":7}},"357":{"start":{"line":358,"column":0},"end":{"line":358,"column":35}},"358":{"start":{"line":359,"column":0},"end":{"line":359,"column":19}},"359":{"start":{"line":360,"column":0},"end":{"line":360,"column":6}},"360":{"start":{"line":361,"column":0},"end":{"line":361,"column":4}},"363":{"start":{"line":364,"column":0},"end":{"line":364,"column":29}},"364":{"start":{"line":365,"column":0},"end":{"line":365,"column":22}},"365":{"start":{"line":366,"column":0},"end":{"line":366,"column":13}},"366":{"start":{"line":367,"column":0},"end":{"line":367,"column":37}},"367":{"start":{"line":368,"column":0},"end":{"line":368,"column":121}},"368":{"start":{"line":369,"column":0},"end":{"line":369,"column":6}},"369":{"start":{"line":370,"column":0},"end":{"line":370,"column":5}},"370":{"start":{"line":371,"column":0},"end":{"line":371,"column":3}},"372":{"start":{"line":373,"column":0},"end":{"line":373,"column":29}},"374":{"start":{"line":375,"column":0},"end":{"line":375,"column":44}},"375":{"start":{"line":376,"column":0},"end":{"line":376,"column":36}},"376":{"start":{"line":377,"column":0},"end":{"line":377,"column":39}},"377":{"start":{"line":378,"column":0},"end":{"line":378,"column":49}},"378":{"start":{"line":379,"column":0},"end":{"line":379,"column":11}},"379":{"start":{"line":380,"column":0},"end":{"line":380,"column":4}},"381":{"start":{"line":382,"column":0},"end":{"line":382,"column":46}},"382":{"start":{"line":383,"column":0},"end":{"line":383,"column":16}},"384":{"start":{"line":385,"column":0},"end":{"line":385,"column":45}},"386":{"start":{"line":387,"column":0},"end":{"line":387,"column":40}},"387":{"start":{"line":388,"column":0},"end":{"line":388,"column":76}},"388":{"start":{"line":389,"column":0},"end":{"line":389,"column":29}},"389":{"start":{"line":390,"column":0},"end":{"line":390,"column":6}},"390":{"start":{"line":391,"column":0},"end":{"line":391,"column":4}},"392":{"start":{"line":393,"column":0},"end":{"line":393,"column":24}},"393":{"start":{"line":394,"column":0},"end":{"line":394,"column":29}},"394":{"start":{"line":395,"column":0},"end":{"line":395,"column":28}},"395":{"start":{"line":396,"column":0},"end":{"line":396,"column":45}},"396":{"start":{"line":397,"column":0},"end":{"line":397,"column":61}},"397":{"start":{"line":398,"column":0},"end":{"line":398,"column":5}},"398":{"start":{"line":399,"column":0},"end":{"line":399,"column":56}},"399":{"start":{"line":400,"column":0},"end":{"line":400,"column":42}},"400":{"start":{"line":401,"column":0},"end":{"line":401,"column":6}},"401":{"start":{"line":402,"column":0},"end":{"line":402,"column":57}},"402":{"start":{"line":403,"column":0},"end":{"line":403,"column":46}},"403":{"start":{"line":404,"column":0},"end":{"line":404,"column":6}},"404":{"start":{"line":405,"column":0},"end":{"line":405,"column":4}},"406":{"start":{"line":407,"column":0},"end":{"line":407,"column":52}},"408":{"start":{"line":409,"column":0},"end":{"line":409,"column":33}},"409":{"start":{"line":410,"column":0},"end":{"line":410,"column":44}},"410":{"start":{"line":411,"column":0},"end":{"line":411,"column":19}},"411":{"start":{"line":412,"column":0},"end":{"line":412,"column":26}},"412":{"start":{"line":413,"column":0},"end":{"line":413,"column":62}},"413":{"start":{"line":414,"column":0},"end":{"line":414,"column":45}},"414":{"start":{"line":415,"column":0},"end":{"line":415,"column":18}},"415":{"start":{"line":416,"column":0},"end":{"line":416,"column":20}},"416":{"start":{"line":417,"column":0},"end":{"line":417,"column":4}},"417":{"start":{"line":418,"column":0},"end":{"line":418,"column":3}},"418":{"start":{"line":419,"column":0},"end":{"line":419,"column":39}},"419":{"start":{"line":420,"column":0},"end":{"line":420,"column":17}},"420":{"start":{"line":421,"column":0},"end":{"line":421,"column":3}},"422":{"start":{"line":423,"column":0},"end":{"line":423,"column":70}},"423":{"start":{"line":424,"column":0},"end":{"line":424,"column":23}},"424":{"start":{"line":425,"column":0},"end":{"line":425,"column":70}},"425":{"start":{"line":426,"column":0},"end":{"line":426,"column":4}},"426":{"start":{"line":427,"column":0},"end":{"line":427,"column":32}},"427":{"start":{"line":428,"column":0},"end":{"line":428,"column":25}},"428":{"start":{"line":429,"column":0},"end":{"line":429,"column":27}},"429":{"start":{"line":430,"column":0},"end":{"line":430,"column":31}},"430":{"start":{"line":431,"column":0},"end":{"line":431,"column":23}},"431":{"start":{"line":432,"column":0},"end":{"line":432,"column":13}},"432":{"start":{"line":433,"column":0},"end":{"line":433,"column":43}},"433":{"start":{"line":434,"column":0},"end":{"line":434,"column":33}},"434":{"start":{"line":435,"column":0},"end":{"line":435,"column":19}},"435":{"start":{"line":436,"column":0},"end":{"line":436,"column":6}},"436":{"start":{"line":437,"column":0},"end":{"line":437,"column":5}},"437":{"start":{"line":438,"column":0},"end":{"line":438,"column":10}},"438":{"start":{"line":439,"column":0},"end":{"line":439,"column":23}},"439":{"start":{"line":440,"column":0},"end":{"line":440,"column":13}},"440":{"start":{"line":441,"column":0},"end":{"line":441,"column":51}},"441":{"start":{"line":442,"column":0},"end":{"line":442,"column":47}},"442":{"start":{"line":443,"column":0},"end":{"line":443,"column":6}},"443":{"start":{"line":444,"column":0},"end":{"line":444,"column":5}},"444":{"start":{"line":445,"column":0},"end":{"line":445,"column":3}},"445":{"start":{"line":446,"column":0},"end":{"line":446,"column":38}},"446":{"start":{"line":447,"column":0},"end":{"line":447,"column":12}},"448":{"start":{"line":449,"column":0},"end":{"line":449,"column":15}},"449":{"start":{"line":450,"column":0},"end":{"line":450,"column":8}},"450":{"start":{"line":451,"column":0},"end":{"line":451,"column":28}},"451":{"start":{"line":452,"column":0},"end":{"line":452,"column":12}},"453":{"start":{"line":454,"column":0},"end":{"line":454,"column":4}},"454":{"start":{"line":455,"column":0},"end":{"line":455,"column":3}},"455":{"start":{"line":456,"column":0},"end":{"line":456,"column":2}},"456":{"start":{"line":457,"column":0},"end":{"line":457,"column":1}},"459":{"start":{"line":460,"column":0},"end":{"line":460,"column":38}},"460":{"start":{"line":461,"column":0},"end":{"line":461,"column":28}},"461":{"start":{"line":462,"column":0},"end":{"line":462,"column":33}},"462":{"start":{"line":463,"column":0},"end":{"line":463,"column":18}},"463":{"start":{"line":464,"column":0},"end":{"line":464,"column":62}},"465":{"start":{"line":466,"column":0},"end":{"line":466,"column":58}},"466":{"start":{"line":467,"column":0},"end":{"line":467,"column":16}},"467":{"start":{"line":468,"column":0},"end":{"line":468,"column":36}},"468":{"start":{"line":469,"column":0},"end":{"line":469,"column":60}},"469":{"start":{"line":470,"column":0},"end":{"line":470,"column":4}},"470":{"start":{"line":471,"column":0},"end":{"line":471,"column":4}},"472":{"start":{"line":473,"column":0},"end":{"line":473,"column":43}},"473":{"start":{"line":474,"column":0},"end":{"line":474,"column":40}},"474":{"start":{"line":475,"column":0},"end":{"line":475,"column":34}},"476":{"start":{"line":477,"column":0},"end":{"line":477,"column":43}},"477":{"start":{"line":478,"column":0},"end":{"line":478,"column":36}},"478":{"start":{"line":479,"column":0},"end":{"line":479,"column":28}},"479":{"start":{"line":480,"column":0},"end":{"line":480,"column":21}},"480":{"start":{"line":481,"column":0},"end":{"line":481,"column":33}},"481":{"start":{"line":482,"column":0},"end":{"line":482,"column":41}},"482":{"start":{"line":483,"column":0},"end":{"line":483,"column":19}},"484":{"start":{"line":485,"column":0},"end":{"line":485,"column":33}},"485":{"start":{"line":486,"column":0},"end":{"line":486,"column":21}},"486":{"start":{"line":487,"column":0},"end":{"line":487,"column":67}},"487":{"start":{"line":488,"column":0},"end":{"line":488,"column":4}},"488":{"start":{"line":489,"column":0},"end":{"line":489,"column":9}},"489":{"start":{"line":490,"column":0},"end":{"line":490,"column":2}},"492":{"start":{"line":493,"column":0},"end":{"line":493,"column":60}},"493":{"start":{"line":494,"column":0},"end":{"line":494,"column":26}},"494":{"start":{"line":495,"column":0},"end":{"line":495,"column":50}},"495":{"start":{"line":496,"column":0},"end":{"line":496,"column":2}},"498":{"start":{"line":499,"column":0},"end":{"line":499,"column":35}},"499":{"start":{"line":500,"column":0},"end":{"line":500,"column":38}},"500":{"start":{"line":501,"column":0},"end":{"line":501,"column":23}},"501":{"start":{"line":502,"column":0},"end":{"line":502,"column":65}},"502":{"start":{"line":503,"column":0},"end":{"line":503,"column":4}},"503":{"start":{"line":504,"column":0},"end":{"line":504,"column":2}},"505":{"start":{"line":506,"column":0},"end":{"line":506,"column":61}},"506":{"start":{"line":507,"column":0},"end":{"line":507,"column":1}},"509":{"start":{"line":510,"column":0},"end":{"line":510,"column":39}},"510":{"start":{"line":511,"column":0},"end":{"line":511,"column":33}},"511":{"start":{"line":512,"column":0},"end":{"line":512,"column":28}},"512":{"start":{"line":513,"column":0},"end":{"line":513,"column":33}},"513":{"start":{"line":514,"column":0},"end":{"line":514,"column":18}},"514":{"start":{"line":515,"column":0},"end":{"line":515,"column":44}},"517":{"start":{"line":518,"column":0},"end":{"line":518,"column":20}},"518":{"start":{"line":519,"column":0},"end":{"line":519,"column":5}},"519":{"start":{"line":520,"column":0},"end":{"line":520,"column":25}},"520":{"start":{"line":521,"column":0},"end":{"line":521,"column":56}},"521":{"start":{"line":522,"column":0},"end":{"line":522,"column":4}},"522":{"start":{"line":523,"column":0},"end":{"line":523,"column":63}},"523":{"start":{"line":524,"column":0},"end":{"line":524,"column":68}},"524":{"start":{"line":525,"column":0},"end":{"line":525,"column":28}},"525":{"start":{"line":526,"column":0},"end":{"line":526,"column":56}},"527":{"start":{"line":528,"column":0},"end":{"line":528,"column":47}},"528":{"start":{"line":529,"column":0},"end":{"line":529,"column":23}},"529":{"start":{"line":530,"column":0},"end":{"line":530,"column":22}},"530":{"start":{"line":531,"column":0},"end":{"line":531,"column":4}},"531":{"start":{"line":532,"column":0},"end":{"line":532,"column":34}},"532":{"start":{"line":533,"column":0},"end":{"line":533,"column":41}},"533":{"start":{"line":534,"column":0},"end":{"line":534,"column":2}},"535":{"start":{"line":536,"column":0},"end":{"line":536,"column":43}},"537":{"start":{"line":538,"column":0},"end":{"line":538,"column":15}},"538":{"start":{"line":539,"column":0},"end":{"line":539,"column":7}},"539":{"start":{"line":540,"column":0},"end":{"line":540,"column":67}},"540":{"start":{"line":541,"column":0},"end":{"line":541,"column":37}},"541":{"start":{"line":542,"column":0},"end":{"line":542,"column":26}},"542":{"start":{"line":543,"column":0},"end":{"line":543,"column":6}},"543":{"start":{"line":544,"column":0},"end":{"line":544,"column":40}},"544":{"start":{"line":545,"column":0},"end":{"line":545,"column":19}},"545":{"start":{"line":546,"column":0},"end":{"line":546,"column":35}},"546":{"start":{"line":547,"column":0},"end":{"line":547,"column":5}},"547":{"start":{"line":548,"column":0},"end":{"line":548,"column":28}},"548":{"start":{"line":549,"column":0},"end":{"line":549,"column":32}},"549":{"start":{"line":550,"column":0},"end":{"line":550,"column":24}},"550":{"start":{"line":551,"column":0},"end":{"line":551,"column":14}},"551":{"start":{"line":552,"column":0},"end":{"line":552,"column":43}},"552":{"start":{"line":553,"column":0},"end":{"line":553,"column":31}},"553":{"start":{"line":554,"column":0},"end":{"line":554,"column":7}},"554":{"start":{"line":555,"column":0},"end":{"line":555,"column":6}},"555":{"start":{"line":556,"column":0},"end":{"line":556,"column":4}},"556":{"start":{"line":557,"column":0},"end":{"line":557,"column":3}},"557":{"start":{"line":558,"column":0},"end":{"line":558,"column":2}},"560":{"start":{"line":561,"column":0},"end":{"line":561,"column":43}},"561":{"start":{"line":562,"column":0},"end":{"line":562,"column":30}},"562":{"start":{"line":563,"column":0},"end":{"line":563,"column":59}},"563":{"start":{"line":564,"column":0},"end":{"line":564,"column":7}},"564":{"start":{"line":565,"column":0},"end":{"line":565,"column":65}},"565":{"start":{"line":566,"column":0},"end":{"line":566,"column":27}},"566":{"start":{"line":567,"column":0},"end":{"line":567,"column":11}},"567":{"start":{"line":568,"column":0},"end":{"line":568,"column":22}},"568":{"start":{"line":569,"column":0},"end":{"line":569,"column":13}},"569":{"start":{"line":570,"column":0},"end":{"line":570,"column":45}},"570":{"start":{"line":571,"column":0},"end":{"line":571,"column":35}},"571":{"start":{"line":572,"column":0},"end":{"line":572,"column":6}},"572":{"start":{"line":573,"column":0},"end":{"line":573,"column":5}},"573":{"start":{"line":574,"column":0},"end":{"line":574,"column":3}},"574":{"start":{"line":575,"column":0},"end":{"line":575,"column":2}},"576":{"start":{"line":577,"column":0},"end":{"line":577,"column":36}},"577":{"start":{"line":578,"column":0},"end":{"line":578,"column":37}},"578":{"start":{"line":579,"column":0},"end":{"line":579,"column":17}},"579":{"start":{"line":580,"column":0},"end":{"line":580,"column":4}},"582":{"start":{"line":583,"column":0},"end":{"line":583,"column":24}},"583":{"start":{"line":584,"column":0},"end":{"line":584,"column":23}},"584":{"start":{"line":585,"column":0},"end":{"line":585,"column":60}},"585":{"start":{"line":586,"column":0},"end":{"line":586,"column":4}},"586":{"start":{"line":587,"column":0},"end":{"line":587,"column":9}},"587":{"start":{"line":588,"column":0},"end":{"line":588,"column":23}},"588":{"start":{"line":589,"column":0},"end":{"line":589,"column":12}},"589":{"start":{"line":590,"column":0},"end":{"line":590,"column":31}},"590":{"start":{"line":591,"column":0},"end":{"line":591,"column":20}},"591":{"start":{"line":592,"column":0},"end":{"line":592,"column":24}},"592":{"start":{"line":593,"column":0},"end":{"line":593,"column":5}},"593":{"start":{"line":594,"column":0},"end":{"line":594,"column":4}},"594":{"start":{"line":595,"column":0},"end":{"line":595,"column":2}},"595":{"start":{"line":596,"column":0},"end":{"line":596,"column":1}},"597":{"start":{"line":598,"column":0},"end":{"line":598,"column":46}},"598":{"start":{"line":599,"column":0},"end":{"line":599,"column":34}},"599":{"start":{"line":600,"column":0},"end":{"line":600,"column":17}},"604":{"start":{"line":605,"column":0},"end":{"line":605,"column":9}},"605":{"start":{"line":606,"column":0},"end":{"line":606,"column":49}},"607":{"start":{"line":608,"column":0},"end":{"line":608,"column":52}},"608":{"start":{"line":609,"column":0},"end":{"line":609,"column":29}},"609":{"start":{"line":610,"column":0},"end":{"line":610,"column":30}},"610":{"start":{"line":611,"column":0},"end":{"line":611,"column":58}},"613":{"start":{"line":614,"column":0},"end":{"line":614,"column":56}},"614":{"start":{"line":615,"column":0},"end":{"line":615,"column":14}},"615":{"start":{"line":616,"column":0},"end":{"line":616,"column":13}},"616":{"start":{"line":617,"column":0},"end":{"line":617,"column":14}},"617":{"start":{"line":618,"column":0},"end":{"line":618,"column":6}},"618":{"start":{"line":619,"column":0},"end":{"line":619,"column":25}},"620":{"start":{"line":621,"column":0},"end":{"line":621,"column":49}},"621":{"start":{"line":622,"column":0},"end":{"line":622,"column":69}},"623":{"start":{"line":624,"column":0},"end":{"line":624,"column":36}},"624":{"start":{"line":625,"column":0},"end":{"line":625,"column":5}},"625":{"start":{"line":626,"column":0},"end":{"line":626,"column":52}},"626":{"start":{"line":627,"column":0},"end":{"line":627,"column":72}},"627":{"start":{"line":628,"column":0},"end":{"line":628,"column":23}},"628":{"start":{"line":629,"column":0},"end":{"line":629,"column":6}},"629":{"start":{"line":630,"column":0},"end":{"line":630,"column":48}},"630":{"start":{"line":631,"column":0},"end":{"line":631,"column":47}},"633":{"start":{"line":634,"column":0},"end":{"line":634,"column":33}},"636":{"start":{"line":637,"column":0},"end":{"line":637,"column":10}},"637":{"start":{"line":638,"column":0},"end":{"line":638,"column":64}},"638":{"start":{"line":639,"column":0},"end":{"line":639,"column":73}},"639":{"start":{"line":640,"column":0},"end":{"line":640,"column":21}},"640":{"start":{"line":641,"column":0},"end":{"line":641,"column":17}},"641":{"start":{"line":642,"column":0},"end":{"line":642,"column":43}},"642":{"start":{"line":643,"column":0},"end":{"line":643,"column":72}},"643":{"start":{"line":644,"column":0},"end":{"line":644,"column":34}},"644":{"start":{"line":645,"column":0},"end":{"line":645,"column":10}},"645":{"start":{"line":646,"column":0},"end":{"line":646,"column":9}},"646":{"start":{"line":647,"column":0},"end":{"line":647,"column":7}},"647":{"start":{"line":648,"column":0},"end":{"line":648,"column":14}},"649":{"start":{"line":650,"column":0},"end":{"line":650,"column":6}},"651":{"start":{"line":652,"column":0},"end":{"line":652,"column":47}},"654":{"start":{"line":655,"column":0},"end":{"line":655,"column":41}},"655":{"start":{"line":656,"column":0},"end":{"line":656,"column":15}},"656":{"start":{"line":657,"column":0},"end":{"line":657,"column":11}},"657":{"start":{"line":658,"column":0},"end":{"line":658,"column":15}},"658":{"start":{"line":659,"column":0},"end":{"line":659,"column":17}},"659":{"start":{"line":660,"column":0},"end":{"line":660,"column":13}},"660":{"start":{"line":661,"column":0},"end":{"line":661,"column":47}},"661":{"start":{"line":662,"column":0},"end":{"line":662,"column":7}},"664":{"start":{"line":665,"column":0},"end":{"line":665,"column":70}},"665":{"start":{"line":666,"column":0},"end":{"line":666,"column":68}},"666":{"start":{"line":667,"column":0},"end":{"line":667,"column":50}},"667":{"start":{"line":668,"column":0},"end":{"line":668,"column":6}},"668":{"start":{"line":669,"column":0},"end":{"line":669,"column":5}},"669":{"start":{"line":670,"column":0},"end":{"line":670,"column":4}},"670":{"start":{"line":671,"column":0},"end":{"line":671,"column":3}},"672":{"start":{"line":673,"column":0},"end":{"line":673,"column":40}},"673":{"start":{"line":674,"column":0},"end":{"line":674,"column":1}}},"s":{"0":1,"1":1,"2":1,"3":1,"8":1,"9":1,"11":1,"16":1,"22":1,"23":1,"24":1,"26":1,"29":4,"30":4,"31":4,"34":4,"35":4,"36":4,"37":4,"38":4,"39":4,"40":0,"41":0,"42":4,"43":4,"60":6,"61":6,"62":6,"64":6,"66":6,"67":1,"68":1,"69":1,"70":1,"71":1,"74":5,"77":5,"78":5,"79":6,"80":0,"81":0,"82":0,"83":0,"84":0,"87":5,"88":6,"89":1,"90":1,"91":0,"92":0,"93":6,"94":0,"95":0,"96":0,"97":0,"99":4,"100":6,"102":0,"103":0,"104":0,"105":0,"106":0,"107":0,"108":0,"109":0,"110":6,"113":4,"114":4,"115":4,"116":4,"117":4,"119":4,"120":4,"121":4,"122":4,"123":4,"124":4,"127":0,"128":0,"129":4,"130":4,"131":0,"132":0,"135":4,"136":4,"137":4,"138":4,"139":4,"140":4,"142":4,"143":4,"144":0,"145":0,"146":4,"147":0,"148":0,"149":0,"151":0,"153":0,"154":0,"155":0,"156":0,"157":0,"159":0,"160":0,"161":0,"162":0,"163":0,"164":0,"165":0,"168":0,"169":0,"170":0,"171":0,"172":0,"173":0,"174":0,"176":0,"177":0,"178":0,"180":0,"181":0,"182":0,"183":0,"184":0,"185":0,"186":0,"187":0,"188":0,"189":0,"190":0,"191":0,"194":0,"195":0,"196":0,"197":0,"198":0,"199":0,"200":0,"201":0,"203":0,"205":0,"206":0,"207":0,"208":0,"209":0,"210":0,"212":0,"213":0,"215":0,"217":0,"218":0,"219":0,"220":0,"221":0,"222":0,"223":0,"224":0,"226":0,"227":0,"228":0,"229":0,"230":0,"231":0,"232":0,"233":0,"234":0,"235":0,"236":0,"238":0,"239":0,"241":0,"242":0,"243":0,"244":0,"245":0,"246":0,"247":0,"248":0,"249":0,"250":0,"251":0,"252":0,"253":0,"254":0,"255":0,"256":0,"257":0,"258":0,"259":0,"260":0,"261":0,"262":0,"263":0,"264":0,"266":0,"267":0,"268":0,"270":0,"271":0,"272":0,"273":0,"275":0,"276":0,"277":0,"278":0,"281":0,"282":0,"283":0,"284":0,"285":0,"286":0,"287":0,"288":0,"289":0,"291":0,"292":0,"294":0,"295":0,"296":0,"297":0,"298":0,"299":0,"300":0,"301":0,"302":0,"304":0,"305":0,"306":0,"307":0,"308":0,"310":0,"312":0,"313":0,"314":0,"315":0,"316":0,"317":0,"318":0,"319":0,"320":0,"321":0,"322":0,"323":0,"324":0,"325":0,"326":0,"327":0,"328":0,"329":0,"330":0,"331":0,"332":0,"333":0,"334":0,"335":0,"338":4,"339":4,"340":4,"341":4,"342":4,"344":4,"345":4,"346":4,"348":0,"350":0,"351":0,"352":0,"353":0,"354":0,"355":0,"356":0,"357":0,"358":0,"359":0,"360":0,"363":0,"364":0,"365":0,"366":0,"367":0,"368":0,"369":0,"370":0,"372":0,"374":0,"375":0,"376":0,"377":0,"378":0,"379":0,"381":0,"382":0,"384":0,"386":0,"387":0,"388":0,"389":0,"390":0,"392":0,"393":0,"394":0,"395":0,"396":0,"397":0,"398":0,"399":0,"400":0,"401":4,"402":0,"403":0,"404":4,"406":4,"408":4,"409":0,"410":0,"411":0,"412":0,"413":0,"414":0,"415":0,"416":0,"417":0,"418":0,"419":0,"420":0,"422":0,"423":0,"424":0,"425":0,"426":0,"427":0,"428":0,"429":0,"430":0,"431":0,"432":0,"433":0,"434":0,"435":0,"436":0,"437":0,"438":0,"439":0,"440":0,"441":0,"442":0,"443":0,"444":0,"445":0,"446":0,"448":0,"449":0,"450":0,"451":0,"453":0,"454":0,"455":0,"456":4,"459":4,"460":4,"461":4,"462":4,"463":4,"465":4,"466":4,"467":4,"468":0,"469":0,"470":4,"472":4,"473":4,"474":4,"476":4,"477":4,"478":0,"479":4,"480":4,"481":0,"482":4,"484":4,"485":0,"486":0,"487":0,"488":0,"489":0,"492":4,"493":4,"494":0,"495":0,"498":4,"499":0,"500":0,"501":0,"502":0,"503":0,"505":4,"506":4,"509":4,"510":4,"511":4,"512":4,"513":4,"514":4,"517":4,"518":4,"519":4,"520":4,"521":4,"522":0,"523":0,"524":0,"525":0,"527":0,"528":0,"529":0,"530":0,"531":0,"532":0,"533":0,"535":4,"537":4,"538":4,"539":4,"540":4,"541":4,"542":4,"543":4,"544":4,"545":4,"546":4,"547":4,"548":0,"549":0,"550":0,"551":0,"552":0,"553":0,"554":0,"555":0,"556":0,"557":4,"560":4,"561":4,"562":4,"563":0,"564":0,"565":0,"566":0,"567":0,"568":0,"569":0,"570":0,"571":0,"572":0,"573":0,"574":0,"576":4,"577":4,"578":4,"579":4,"582":4,"583":0,"584":0,"585":0,"586":4,"587":4,"588":4,"589":4,"590":4,"591":4,"592":4,"593":4,"594":4,"595":4,"597":1,"598":12,"599":12,"604":12,"605":12,"607":12,"608":12,"609":12,"610":6,"613":6,"614":6,"615":6,"616":6,"617":6,"618":6,"620":4,"621":4,"623":4,"624":4,"625":4,"626":4,"627":4,"628":4,"629":4,"630":4,"633":4,"636":4,"637":4,"638":4,"639":0,"640":0,"641":0,"642":0,"643":0,"644":0,"645":0,"646":0,"647":4,"649":4,"651":4,"654":4,"655":4,"656":4,"657":4,"658":4,"659":4,"660":4,"661":4,"664":4,"665":4,"666":4,"667":4,"668":4,"669":6,"670":12,"672":12,"673":12},"branchMap":{"0":{"type":"branch","line":30,"loc":{"start":{"line":30,"column":0},"end":{"line":32,"column":1}},"locations":[{"start":{"line":30,"column":0},"end":{"line":32,"column":1}}]},"1":{"type":"branch","line":31,"loc":{"start":{"line":31,"column":23},"end":{"line":31,"column":66}},"locations":[{"start":{"line":31,"column":23},"end":{"line":31,"column":66}}]},"2":{"type":"branch","line":35,"loc":{"start":{"line":35,"column":0},"end":{"line":44,"column":1}},"locations":[{"start":{"line":35,"column":0},"end":{"line":44,"column":1}}]},"3":{"type":"branch","line":40,"loc":{"start":{"line":40,"column":35},"end":{"line":42,"column":2}},"locations":[{"start":{"line":40,"column":35},"end":{"line":42,"column":2}}]},"4":{"type":"branch","line":61,"loc":{"start":{"line":61,"column":0},"end":{"line":111,"column":1}},"locations":[{"start":{"line":61,"column":0},"end":{"line":111,"column":1}}]},"5":{"type":"branch","line":67,"loc":{"start":{"line":67,"column":14},"end":{"line":72,"column":2}},"locations":[{"start":{"line":67,"column":14},"end":{"line":72,"column":2}}]},"6":{"type":"branch","line":72,"loc":{"start":{"line":72,"column":1},"end":{"line":80,"column":32}},"locations":[{"start":{"line":72,"column":1},"end":{"line":80,"column":32}}]},"7":{"type":"branch","line":80,"loc":{"start":{"line":80,"column":32},"end":{"line":85,"column":3}},"locations":[{"start":{"line":80,"column":32},"end":{"line":85,"column":3}}]},"8":{"type":"branch","line":85,"loc":{"start":{"line":85,"column":2},"end":{"line":89,"column":17}},"locations":[{"start":{"line":85,"column":2},"end":{"line":89,"column":17}}]},"9":{"type":"branch","line":89,"loc":{"start":{"line":89,"column":17},"end":{"line":93,"column":3}},"locations":[{"start":{"line":89,"column":17},"end":{"line":93,"column":3}}]},"10":{"type":"branch","line":91,"loc":{"start":{"line":91,"column":23},"end":{"line":93,"column":3}},"locations":[{"start":{"line":91,"column":23},"end":{"line":93,"column":3}}]},"11":{"type":"branch","line":93,"loc":{"start":{"line":93,"column":2},"end":{"line":94,"column":38}},"locations":[{"start":{"line":93,"column":2},"end":{"line":94,"column":38}}]},"12":{"type":"branch","line":94,"loc":{"start":{"line":94,"column":38},"end":{"line":98,"column":3}},"locations":[{"start":{"line":94,"column":38},"end":{"line":98,"column":3}}]},"13":{"type":"branch","line":98,"loc":{"start":{"line":98,"column":2},"end":{"line":101,"column":10}},"locations":[{"start":{"line":98,"column":2},"end":{"line":101,"column":10}}]},"14":{"type":"branch","line":101,"loc":{"start":{"line":101,"column":1},"end":{"line":110,"column":2}},"locations":[{"start":{"line":101,"column":1},"end":{"line":110,"column":2}}]},"15":{"type":"branch","line":114,"loc":{"start":{"line":114,"column":0},"end":{"line":166,"column":1}},"locations":[{"start":{"line":114,"column":0},"end":{"line":166,"column":1}}]},"16":{"type":"branch","line":122,"loc":{"start":{"line":122,"column":15},"end":{"line":122,"column":75}},"locations":[{"start":{"line":122,"column":15},"end":{"line":122,"column":75}}]},"17":{"type":"branch","line":125,"loc":{"start":{"line":125,"column":1},"end":{"line":129,"column":61}},"locations":[{"start":{"line":125,"column":1},"end":{"line":129,"column":61}}]},"18":{"type":"branch","line":131,"loc":{"start":{"line":131,"column":53},"end":{"line":132,"column":52}},"locations":[{"start":{"line":131,"column":53},"end":{"line":132,"column":52}}]},"19":{"type":"branch","line":132,"loc":{"start":{"line":132,"column":51},"end":{"line":133,"column":40}},"locations":[{"start":{"line":132,"column":51},"end":{"line":133,"column":40}}]},"20":{"type":"branch","line":138,"loc":{"start":{"line":138,"column":32},"end":{"line":138,"column":51}},"locations":[{"start":{"line":138,"column":32},"end":{"line":138,"column":51}}]},"21":{"type":"branch","line":138,"loc":{"start":{"line":138,"column":47},"end":{"line":138,"column":54}},"locations":[{"start":{"line":138,"column":47},"end":{"line":138,"column":54}}]},"22":{"type":"branch","line":144,"loc":{"start":{"line":144,"column":9},"end":{"line":146,"column":53}},"locations":[{"start":{"line":144,"column":9},"end":{"line":146,"column":53}}]},"23":{"type":"branch","line":147,"loc":{"start":{"line":147,"column":3},"end":{"line":166,"column":1}},"locations":[{"start":{"line":147,"column":3},"end":{"line":166,"column":1}}]},"24":{"type":"branch","line":339,"loc":{"start":{"line":339,"column":0},"end":{"line":457,"column":1}},"locations":[{"start":{"line":339,"column":0},"end":{"line":457,"column":1}}]},"25":{"type":"branch","line":345,"loc":{"start":{"line":345,"column":18},"end":{"line":345,"column":56}},"locations":[{"start":{"line":345,"column":18},"end":{"line":345,"column":56}}]},"26":{"type":"branch","line":347,"loc":{"start":{"line":347,"column":1},"end":{"line":401,"column":6}},"locations":[{"start":{"line":347,"column":1},"end":{"line":401,"column":6}}]},"27":{"type":"branch","line":402,"loc":{"start":{"line":402,"column":44},"end":{"line":404,"column":6}},"locations":[{"start":{"line":402,"column":44},"end":{"line":404,"column":6}}]},"28":{"type":"branch","line":409,"loc":{"start":{"line":409,"column":32},"end":{"line":456,"column":2}},"locations":[{"start":{"line":409,"column":32},"end":{"line":456,"column":2}}]},"29":{"type":"branch","line":460,"loc":{"start":{"line":460,"column":0},"end":{"line":507,"column":1}},"locations":[{"start":{"line":460,"column":0},"end":{"line":507,"column":1}}]},"30":{"type":"branch","line":477,"loc":{"start":{"line":477,"column":36},"end":{"line":477,"column":43}},"locations":[{"start":{"line":477,"column":36},"end":{"line":477,"column":43}}]},"31":{"type":"branch","line":478,"loc":{"start":{"line":478,"column":24},"end":{"line":479,"column":28}},"locations":[{"start":{"line":478,"column":24},"end":{"line":479,"column":28}}]},"32":{"type":"branch","line":481,"loc":{"start":{"line":481,"column":22},"end":{"line":482,"column":41}},"locations":[{"start":{"line":481,"column":22},"end":{"line":482,"column":41}}]},"33":{"type":"branch","line":485,"loc":{"start":{"line":485,"column":32},"end":{"line":490,"column":2}},"locations":[{"start":{"line":485,"column":32},"end":{"line":490,"column":2}}]},"34":{"type":"branch","line":494,"loc":{"start":{"line":494,"column":25},"end":{"line":496,"column":2}},"locations":[{"start":{"line":494,"column":25},"end":{"line":496,"column":2}}]},"35":{"type":"branch","line":499,"loc":{"start":{"line":499,"column":34},"end":{"line":504,"column":2}},"locations":[{"start":{"line":499,"column":34},"end":{"line":504,"column":2}}]},"36":{"type":"branch","line":510,"loc":{"start":{"line":510,"column":0},"end":{"line":596,"column":1}},"locations":[{"start":{"line":510,"column":0},"end":{"line":596,"column":1}}]},"37":{"type":"branch","line":522,"loc":{"start":{"line":522,"column":3},"end":{"line":534,"column":2}},"locations":[{"start":{"line":522,"column":3},"end":{"line":534,"column":2}}]},"38":{"type":"branch","line":536,"loc":{"start":{"line":536,"column":36},"end":{"line":536,"column":43}},"locations":[{"start":{"line":536,"column":36},"end":{"line":536,"column":43}}]},"39":{"type":"branch","line":548,"loc":{"start":{"line":548,"column":2},"end":{"line":557,"column":3}},"locations":[{"start":{"line":548,"column":2},"end":{"line":557,"column":3}}]},"40":{"type":"branch","line":561,"loc":{"start":{"line":561,"column":36},"end":{"line":561,"column":43}},"locations":[{"start":{"line":561,"column":36},"end":{"line":561,"column":43}}]},"41":{"type":"branch","line":563,"loc":{"start":{"line":563,"column":12},"end":{"line":563,"column":58}},"locations":[{"start":{"line":563,"column":12},"end":{"line":563,"column":58}}]},"42":{"type":"branch","line":563,"loc":{"start":{"line":563,"column":58},"end":{"line":575,"column":2}},"locations":[{"start":{"line":563,"column":58},"end":{"line":575,"column":2}}]},"43":{"type":"branch","line":583,"loc":{"start":{"line":583,"column":23},"end":{"line":587,"column":8}},"locations":[{"start":{"line":583,"column":23},"end":{"line":587,"column":8}}]},"44":{"type":"branch","line":598,"loc":{"start":{"line":598,"column":7},"end":{"line":674,"column":1}},"locations":[{"start":{"line":598,"column":7},"end":{"line":674,"column":1}}]},"45":{"type":"branch","line":610,"loc":{"start":{"line":610,"column":2},"end":{"line":670,"column":4}},"locations":[{"start":{"line":610,"column":2},"end":{"line":670,"column":4}}]},"46":{"type":"branch","line":619,"loc":{"start":{"line":619,"column":18},"end":{"line":619,"column":25}},"locations":[{"start":{"line":619,"column":18},"end":{"line":619,"column":25}}]},"47":{"type":"branch","line":619,"loc":{"start":{"line":619,"column":18},"end":{"line":669,"column":5}},"locations":[{"start":{"line":619,"column":18},"end":{"line":669,"column":5}}]},"48":{"type":"branch","line":630,"loc":{"start":{"line":630,"column":4},"end":{"line":668,"column":6}},"locations":[{"start":{"line":630,"column":4},"end":{"line":668,"column":6}}]},"49":{"type":"branch","line":631,"loc":{"start":{"line":631,"column":40},"end":{"line":631,"column":47}},"locations":[{"start":{"line":631,"column":40},"end":{"line":631,"column":47}}]},"50":{"type":"branch","line":638,"loc":{"start":{"line":638,"column":62},"end":{"line":639,"column":72}},"locations":[{"start":{"line":638,"column":62},"end":{"line":639,"column":72}}]},"51":{"type":"branch","line":639,"loc":{"start":{"line":639,"column":72},"end":{"line":647,"column":7}},"locations":[{"start":{"line":639,"column":72},"end":{"line":647,"column":7}}]},"52":{"type":"branch","line":652,"loc":{"start":{"line":652,"column":40},"end":{"line":652,"column":47}},"locations":[{"start":{"line":652,"column":40},"end":{"line":652,"column":47}}]},"53":{"type":"branch","line":665,"loc":{"start":{"line":665,"column":63},"end":{"line":665,"column":70}},"locations":[{"start":{"line":665,"column":63},"end":{"line":665,"column":70}}]},"54":{"type":"branch","line":666,"loc":{"start":{"line":666,"column":61},"end":{"line":666,"column":68}},"locations":[{"start":{"line":666,"column":61},"end":{"line":666,"column":68}}]}},"b":{"0":[4],"1":[5],"2":[4],"3":[0],"4":[6],"5":[1],"6":[5],"7":[0],"8":[5],"9":[1],"10":[0],"11":[4],"12":[0],"13":[4],"14":[0],"15":[4],"16":[0],"17":[0],"18":[0],"19":[0],"20":[0],"21":[0],"22":[0],"23":[0],"24":[4],"25":[0],"26":[0],"27":[0],"28":[0],"29":[4],"30":[0],"31":[0],"32":[0],"33":[0],"34":[0],"35":[0],"36":[4],"37":[0],"38":[0],"39":[0],"40":[0],"41":[0],"42":[0],"43":[0],"44":[12],"45":[6],"46":[2],"47":[4],"48":[4],"49":[0],"50":[0],"51":[0],"52":[0],"53":[0],"54":[0]},"fnMap":{"0":{"name":"countMultilineStrings","decl":{"start":{"line":30,"column":0},"end":{"line":32,"column":1}},"loc":{"start":{"line":30,"column":0},"end":{"line":32,"column":1}},"line":30},"1":{"name":"getShowDocumentOptions","decl":{"start":{"line":35,"column":0},"end":{"line":44,"column":1}},"loc":{"start":{"line":35,"column":0},"end":{"line":44,"column":1}},"line":35},"2":{"name":"validateAndPrepareExtraction","decl":{"start":{"line":61,"column":0},"end":{"line":111,"column":1}},"loc":{"start":{"line":61,"column":0},"end":{"line":111,"column":1}},"line":61},"3":{"name":"handleCsvMultiColumnExtraction","decl":{"start":{"line":114,"column":0},"end":{"line":166,"column":1}},"loc":{"start":{"line":114,"column":0},"end":{"line":166,"column":1}},"line":114},"4":{"name":"handleStreamingMultiColumn","decl":{"start":{"line":169,"column":0},"end":{"line":279,"column":1}},"loc":{"start":{"line":169,"column":0},"end":{"line":279,"column":1}},"line":169},"5":{"name":"handleNonStreamingMultiColumn","decl":{"start":{"line":282,"column":0},"end":{"line":336,"column":1}},"loc":{"start":{"line":282,"column":0},"end":{"line":336,"column":1}},"line":282},"6":{"name":"handleCsvStreamingExtraction","decl":{"start":{"line":339,"column":0},"end":{"line":457,"column":1}},"loc":{"start":{"line":339,"column":0},"end":{"line":457,"column":1}},"line":339},"7":{"name":"flush","decl":{"start":{"line":375,"column":16},"end":{"line":391,"column":4}},"loc":{"start":{"line":375,"column":16},"end":{"line":391,"column":4}},"line":375},"8":{"name":"onParseError","decl":{"start":{"line":396,"column":17},"end":{"line":398,"column":5}},"loc":{"start":{"line":396,"column":17},"end":{"line":398,"column":5}},"line":396},"9":{"name":"handleNormalExtraction","decl":{"start":{"line":460,"column":0},"end":{"line":507,"column":1}},"loc":{"start":{"line":460,"column":0},"end":{"line":507,"column":1}},"line":460},"10":{"name":"onParseError","decl":{"start":{"line":468,"column":16},"end":{"line":470,"column":4}},"loc":{"start":{"line":468,"column":16},"end":{"line":470,"column":4}},"line":468},"11":{"name":"processAndOutputResults","decl":{"start":{"line":510,"column":0},"end":{"line":596,"column":1}},"loc":{"start":{"line":510,"column":0},"end":{"line":596,"column":1}},"line":510},"12":{"name":"registerExtractStringsCommand","decl":{"start":{"line":598,"column":7},"end":{"line":674,"column":1}},"loc":{"start":{"line":598,"column":7},"end":{"line":674,"column":1}},"line":598}},"f":{"0":4,"1":4,"2":6,"3":4,"4":0,"5":0,"6":4,"7":0,"8":0,"9":4,"10":0,"11":4,"12":12}}
,"/Users/nnaidoo/dev/vscode-extensions/string-le/src/commands/index.ts": {"path":"/Users/nnaidoo/dev/vscode-extensions/string-le/src/commands/index.ts","all":false,"statementMap":{"4":{"start":{"line":5,"column":0},"end":{"line":5,"column":49}},"5":{"start":{"line":6,"column":0},"end":{"line":6,"column":58}},"6":{"start":{"line":7,"column":0},"end":{"line":7,"column":45}},"7":{"start":{"line":8,"column":0},"end":{"line":8,"column":73}},"8":{"start":{"line":9,"column":0},"end":{"line":9,"column":55}},"11":{"start":{"line":12,"column":0},"end":{"line":12,"column":36}},"12":{"start":{"line":13,"column":0},"end":{"line":13,"column":34}},"13":{"start":{"line":14,"column":0},"end":{"line":14,"column":17}},"18":{"start":{"line":19,"column":0},"end":{"line":19,"column":9}},"19":{"start":{"line":20,"column":0},"end":{"line":20,"column":46}},"20":{"start":{"line":21,"column":0},"end":{"line":21,"column":32}},"21":{"start":{"line":22,"column":0},"end":{"line":22,"column":30}},"22":{"start":{"line":23,"column":0},"end":{"line":23,"column":44}},"23":{"start":{"line":24,"column":0},"end":{"line":24,"column":40}},"24":{"start":{"line":25,"column":0},"end":{"line":25,"column":1}}},"s":{"4":1,"5":1,"6":1,"7":1,"8":1,"11":1,"12":5,"13":5,"18":5,"19":5,"20":5,"21":5,"22":5,"23":5,"24":5},"branchMap":{"0":{"type":"branch","line":12,"loc":{"start":{"line":12,"column":7},"end":{"line":25,"column":1}},"locations":[{"start":{"line":12,"column":7},"end":{"line":25,"column":1}}]}},"b":{"0":[5]},"fnMap":{"0":{"name":"registerAllCommands","decl":{"start":{"line":12,"column":7},"end":{"line":25,"column":1}},"loc":{"start":{"line":12,"column":7},"end":{"line":25,"column":1}},"line":12}},"f":{"0":5}}
,"/Users/nnaidoo/dev/vscode-extensions/string-le/src/commands/postProcessHelper.ts": {"path":"/Users/nnaidoo/dev/vscode-extensions/string-le/src/commands/postProcessHelper.ts","all":false,"statementMap":{"0":{"start":{"line":1,"column":0},"end":{"line":1,"column":33}},"7":{"start":{"line":8,"column":0},"end":{"line":8,"column":39}},"8":{"start":{"line":9,"column":0},"end":{"line":9,"column":27}},"9":{"start":{"line":10,"column":0},"end":{"line":10,"column":26}},"10":{"start":{"line":11,"column":0},"end":{"line":11,"column":21}},"11":{"start":{"line":12,"column":0},"end":{"line":12,"column":60}},"12":{"start":{"line":13,"column":0},"end":{"line":13,"column":70}},"13":{"start":{"line":14,"column":0},"end":{"line":14,"column":73}},"15":{"start":{"line":16,"column":0},"end":{"line":16,"column":15}},"16":{"start":{"line":17,"column":0},"end":{"line":17,"column":7}},"17":{"start":{"line":18,"column":0},"end":{"line":18,"column":56}},"18":{"start":{"line":19,"column":0},"end":{"line":19,"column":30}},"19":{"start":{"line":20,"column":0},"end":{"line":20,"column":26}},"20":{"start":{"line":21,"column":0},"end":{"line":21,"column":6}},"21":{"start":{"line":22,"column":0},"end":{"line":22,"column":54}},"22":{"start":{"line":23,"column":0},"end":{"line":23,"column":24}},"23":{"start":{"line":24,"column":0},"end":{"line":24,"column":50}},"24":{"start":{"line":25,"column":0},"end":{"line":25,"column":4}},"25":{"start":{"line":26,"column":0},"end":{"line":26,"column":54}},"26":{"start":{"line":27,"column":0},"end":{"line":27,"column":15}},"27":{"start":{"line":28,"column":0},"end":{"line":28,"column":19}},"28":{"start":{"line":29,"column":0},"end":{"line":29,"column":34}},"29":{"start":{"line":30,"column":0},"end":{"line":30,"column":95}},"30":{"start":{"line":31,"column":0},"end":{"line":31,"column":5}},"31":{"start":{"line":32,"column":0},"end":{"line":32,"column":16}},"32":{"start":{"line":33,"column":0},"end":{"line":33,"column":3}},"33":{"start":{"line":34,"column":0},"end":{"line":34,"column":2}},"35":{"start":{"line":36,"column":0},"end":{"line":36,"column":6}},"36":{"start":{"line":37,"column":0},"end":{"line":37,"column":54}},"37":{"start":{"line":38,"column":0},"end":{"line":38,"column":38}},"38":{"start":{"line":39,"column":0},"end":{"line":39,"column":34}},"39":{"start":{"line":40,"column":0},"end":{"line":40,"column":65}},"40":{"start":{"line":41,"column":0},"end":{"line":41,"column":5}},"41":{"start":{"line":42,"column":0},"end":{"line":42,"column":52}},"42":{"start":{"line":43,"column":0},"end":{"line":43,"column":5}},"44":{"start":{"line":45,"column":0},"end":{"line":45,"column":17}},"45":{"start":{"line":46,"column":0},"end":{"line":46,"column":34}},"46":{"start":{"line":47,"column":0},"end":{"line":47,"column":100}},"47":{"start":{"line":48,"column":0},"end":{"line":48,"column":5}},"48":{"start":{"line":49,"column":0},"end":{"line":49,"column":16}},"49":{"start":{"line":50,"column":0},"end":{"line":50,"column":3}},"51":{"start":{"line":52,"column":0},"end":{"line":52,"column":14}},"52":{"start":{"line":53,"column":0},"end":{"line":53,"column":18}},"53":{"start":{"line":54,"column":0},"end":{"line":54,"column":33}},"54":{"start":{"line":55,"column":0},"end":{"line":55,"column":90}},"55":{"start":{"line":56,"column":0},"end":{"line":56,"column":4}},"56":{"start":{"line":57,"column":0},"end":{"line":57,"column":15}},"57":{"start":{"line":58,"column":0},"end":{"line":58,"column":2}},"58":{"start":{"line":59,"column":0},"end":{"line":59,"column":1}}},"s":{"0":1,"7":16,"8":16,"9":16,"10":16,"11":16,"12":16,"13":16,"15":16,"16":0,"17":0,"18":0,"19":0,"20":0,"21":0,"22":0,"23":0,"24":0,"25":0,"26":0,"27":0,"28":0,"29":0,"30":0,"31":0,"32":0,"33":0,"35":16,"36":16,"37":16,"38":16,"39":16,"40":16,"41":16,"42":16,"44":16,"45":0,"46":0,"47":0,"48":0,"49":0,"51":16,"52":16,"53":0,"54":0,"55":0,"56":0,"57":0,"58":16},"branchMap":{"0":{"type":"branch","line":8,"loc":{"start":{"line":8,"column":0},"end":{"line":59,"column":1}},"locations":[{"start":{"line":8,"column":0},"end":{"line":59,"column":1}}]},"1":{"type":"branch","line":16,"loc":{"start":{"line":16,"column":14},"end":{"line":34,"column":2}},"locations":[{"start":{"line":16,"column":14},"end":{"line":34,"column":2}}]},"2":{"type":"branch","line":45,"loc":{"start":{"line":45,"column":16},"end":{"line":50,"column":3}},"locations":[{"start":{"line":45,"column":16},"end":{"line":50,"column":3}}]},"3":{"type":"branch","line":53,"loc":{"start":{"line":53,"column":1},"end":{"line":58,"column":2}},"locations":[{"start":{"line":53,"column":1},"end":{"line":58,"column":2}}]},"4":{"type":"branch","line":37,"loc":{"start":{"line":37,"column":36},"end":{"line":43,"column":3}},"locations":[{"start":{"line":37,"column":36},"end":{"line":43,"column":3}}]}},"b":{"0":[16],"1":[0],"2":[0],"3":[0],"4":[16]},"fnMap":{"0":{"name":"processAndOutput","decl":{"start":{"line":8,"column":0},"end":{"line":59,"column":1}},"loc":{"start":{"line":8,"column":0},"end":{"line":59,"column":1}},"line":8}},"f":{"0":16}}
,"/Users/nnaidoo/dev/vscode-extensions/string-le/src/commands/sort.ts": {"path":"/Users/nnaidoo/dev/vscode-extensions/string-le/src/commands/sort.ts","all":false,"statementMap":{"0":{"start":{"line":1,"column":0},"end":{"line":1,"column":33}},"1":{"start":{"line":2,"column":0},"end":{"line":2,"column":34}},"2":{"start":{"line":3,"column":0},"end":{"line":3,"column":59}},"3":{"start":{"line":4,"column":0},"end":{"line":4,"column":55}},"5":{"start":{"line":6,"column":0},"end":{"line":6,"column":73}},"7":{"start":{"line":8,"column":0},"end":{"line":8,"column":77}},"8":{"start":{"line":9,"column":0},"end":{"line":9,"column":28}},"9":{"start":{"line":10,"column":0},"end":{"line":10,"column":34}},"10":{"start":{"line":11,"column":0},"end":{"line":11,"column":32}},"11":{"start":{"line":12,"column":0},"end":{"line":12,"column":31}},"12":{"start":{"line":13,"column":0},"end":{"line":13,"column":50}},"13":{"start":{"line":14,"column":0},"end":{"line":14,"column":18}},"14":{"start":{"line":15,"column":0},"end":{"line":15,"column":58}},"15":{"start":{"line":16,"column":0},"end":{"line":16,"column":12}},"16":{"start":{"line":17,"column":0},"end":{"line":17,"column":5}},"18":{"start":{"line":19,"column":0},"end":{"line":19,"column":19}},"19":{"start":{"line":20,"column":0},"end":{"line":20,"column":6}},"20":{"start":{"line":21,"column":0},"end":{"line":21,"column":22}},"21":{"start":{"line":22,"column":0},"end":{"line":22,"column":39}},"22":{"start":{"line":23,"column":0},"end":{"line":23,"column":30}},"23":{"start":{"line":24,"column":0},"end":{"line":24,"column":8}},"24":{"start":{"line":25,"column":0},"end":{"line":25,"column":24}},"25":{"start":{"line":26,"column":0},"end":{"line":26,"column":7}},"26":{"start":{"line":27,"column":0},"end":{"line":27,"column":6}},"27":{"start":{"line":28,"column":0},"end":{"line":28,"column":22}},"28":{"start":{"line":29,"column":0},"end":{"line":29,"column":40}},"29":{"start":{"line":30,"column":0},"end":{"line":30,"column":30}},"30":{"start":{"line":31,"column":0},"end":{"line":31,"column":8}},"31":{"start":{"line":32,"column":0},"end":{"line":32,"column":25}},"32":{"start":{"line":33,"column":0},"end":{"line":33,"column":7}},"33":{"start":{"line":34,"column":0},"end":{"line":34,"column":6}},"34":{"start":{"line":35,"column":0},"end":{"line":35,"column":22}},"35":{"start":{"line":36,"column":0},"end":{"line":36,"column":40}},"36":{"start":{"line":37,"column":0},"end":{"line":37,"column":34}},"37":{"start":{"line":38,"column":0},"end":{"line":38,"column":8}},"38":{"start":{"line":39,"column":0},"end":{"line":39,"column":25}},"39":{"start":{"line":40,"column":0},"end":{"line":40,"column":7}},"40":{"start":{"line":41,"column":0},"end":{"line":41,"column":6}},"41":{"start":{"line":42,"column":0},"end":{"line":42,"column":22}},"42":{"start":{"line":43,"column":0},"end":{"line":43,"column":41}},"43":{"start":{"line":44,"column":0},"end":{"line":44,"column":34}},"44":{"start":{"line":45,"column":0},"end":{"line":45,"column":8}},"45":{"start":{"line":46,"column":0},"end":{"line":46,"column":26}},"46":{"start":{"line":47,"column":0},"end":{"line":47,"column":7}},"47":{"start":{"line":48,"column":0},"end":{"line":48,"column":15}},"48":{"start":{"line":49,"column":0},"end":{"line":49,"column":53}},"49":{"start":{"line":50,"column":0},"end":{"line":50,"column":31}},"50":{"start":{"line":51,"column":0},"end":{"line":51,"column":6}},"51":{"start":{"line":52,"column":0},"end":{"line":52,"column":28}},"52":{"start":{"line":53,"column":0},"end":{"line":53,"column":41}},"53":{"start":{"line":54,"column":0},"end":{"line":54,"column":26}},"54":{"start":{"line":55,"column":0},"end":{"line":55,"column":8}},"55":{"start":{"line":56,"column":0},"end":{"line":56,"column":7}},"56":{"start":{"line":57,"column":0},"end":{"line":57,"column":6}},"57":{"start":{"line":58,"column":0},"end":{"line":58,"column":24}},"58":{"start":{"line":59,"column":0},"end":{"line":59,"column":64}},"59":{"start":{"line":60,"column":0},"end":{"line":60,"column":30}},"60":{"start":{"line":61,"column":0},"end":{"line":61,"column":60}},"61":{"start":{"line":62,"column":0},"end":{"line":62,"column":59}},"62":{"start":{"line":63,"column":0},"end":{"line":63,"column":62}},"63":{"start":{"line":64,"column":0},"end":{"line":64,"column":18}},"64":{"start":{"line":65,"column":0},"end":{"line":65,"column":69}},"65":{"start":{"line":66,"column":0},"end":{"line":66,"column":5}},"66":{"start":{"line":67,"column":0},"end":{"line":67,"column":5}},"67":{"start":{"line":68,"column":0},"end":{"line":68,"column":4}},"68":{"start":{"line":69,"column":0},"end":{"line":69,"column":3}},"69":{"start":{"line":70,"column":0},"end":{"line":70,"column":1}}},"s":{"0":1,"1":1,"2":1,"3":1,"5":1,"7":1,"8":17,"9":17,"10":17,"11":17,"12":12,"13":12,"14":1,"15":1,"16":1,"18":11,"19":11,"20":11,"21":11,"22":11,"23":11,"24":11,"25":11,"26":11,"27":11,"28":11,"29":11,"30":11,"31":11,"32":11,"33":11,"34":11,"35":11,"36":11,"37":11,"38":11,"39":11,"40":11,"41":11,"42":11,"43":11,"44":11,"45":11,"46":11,"47":11,"48":11,"49":11,"50":11,"51":11,"52":11,"53":11,"54":11,"55":11,"56":11,"57":11,"58":12,"59":1,"60":12,"61":12,"62":12,"63":10,"64":10,"65":10,"66":12,"67":17,"68":17,"69":17},"branchMap":{"0":{"type":"branch","line":8,"loc":{"start":{"line":8,"column":7},"end":{"line":70,"column":1}},"locations":[{"start":{"line":8,"column":7},"end":{"line":70,"column":1}}]},"1":{"type":"branch","line":12,"loc":{"start":{"line":12,"column":3},"end":{"line":67,"column":5}},"locations":[{"start":{"line":12,"column":3},"end":{"line":67,"column":5}}]},"2":{"type":"branch","line":14,"loc":{"start":{"line":14,"column":17},"end":{"line":17,"column":5}},"locations":[{"start":{"line":14,"column":17},"end":{"line":17,"column":5}}]},"3":{"type":"branch","line":17,"loc":{"start":{"line":17,"column":4},"end":{"line":58,"column":24}},"locations":[{"start":{"line":17,"column":4},"end":{"line":58,"column":24}}]},"4":{"type":"branch","line":58,"loc":{"start":{"line":58,"column":17},"end":{"line":58,"column":24}},"locations":[{"start":{"line":58,"column":17},"end":{"line":58,"column":24}}]},"5":{"type":"branch","line":58,"loc":{"start":{"line":58,"column":17},"end":{"line":59,"column":57}},"locations":[{"start":{"line":58,"column":17},"end":{"line":59,"column":57}}]},"6":{"type":"branch","line":59,"loc":{"start":{"line":59,"column":54},"end":{"line":59,"column":64}},"locations":[{"start":{"line":59,"column":54},"end":{"line":59,"column":64}}]},"7":{"type":"branch","line":59,"loc":{"start":{"line":59,"column":57},"end":{"line":60,"column":30}},"locations":[{"start":{"line":59,"column":57},"end":{"line":60,"column":30}}]},"8":{"type":"branch","line":63,"loc":{"start":{"line":63,"column":60},"end":{"line":66,"column":5}},"locations":[{"start":{"line":63,"column":60},"end":{"line":66,"column":5}}]},"9":{"type":"branch","line":50,"loc":{"start":{"line":50,"column":15},"end":{"line":50,"column":29}},"locations":[{"start":{"line":50,"column":15},"end":{"line":50,"column":29}}]},"10":{"type":"branch","line":59,"loc":{"start":{"line":59,"column":29},"end":{"line":59,"column":54}},"locations":[{"start":{"line":59,"column":29},"end":{"line":59,"column":54}}]}},"b":{"0":[17],"1":[12],"2":[1],"3":[11],"4":[1],"5":[10],"6":[9],"7":[1],"8":[10],"9":[44],"10":[19]},"fnMap":{"0":{"name":"registerSortCommand","decl":{"start":{"line":8,"column":7},"end":{"line":70,"column":1}},"loc":{"start":{"line":8,"column":7},"end":{"line":70,"column":1}},"line":8}},"f":{"0":17}}
,"/Users/nnaidoo/dev/vscode-extensions/string-le/src/commands/toggleCsvStreaming.ts": {"path":"/Users/nnaidoo/dev/vscode-extensions/string-le/src/commands/toggleCsvStreaming.ts","all":false,"statementMap":{"0":{"start":{"line":1,"column":0},"end":{"line":1,"column":33}},"1":{"start":{"line":2,"column":0},"end":{"line":2,"column":34}},"3":{"start":{"line":4,"column":0},"end":{"line":4,"column":73}},"5":{"start":{"line":6,"column":0},"end":{"line":6,"column":50}},"6":{"start":{"line":7,"column":0},"end":{"line":7,"column":34}},"7":{"start":{"line":8,"column":0},"end":{"line":8,"column":9}},"8":{"start":{"line":9,"column":0},"end":{"line":9,"column":52}},"9":{"start":{"line":10,"column":0},"end":{"line":10,"column":34}},"10":{"start":{"line":11,"column":0},"end":{"line":11,"column":30}},"11":{"start":{"line":12,"column":0},"end":{"line":12,"column":62}},"12":{"start":{"line":13,"column":0},"end":{"line":13,"column":67}},"13":{"start":{"line":14,"column":0},"end":{"line":14,"column":20}},"14":{"start":{"line":15,"column":0},"end":{"line":15,"column":27}},"15":{"start":{"line":16,"column":0},"end":{"line":16,"column":13}},"16":{"start":{"line":17,"column":0},"end":{"line":17,"column":38}},"17":{"start":{"line":18,"column":0},"end":{"line":18,"column":5}},"18":{"start":{"line":19,"column":0},"end":{"line":19,"column":23}},"19":{"start":{"line":20,"column":0},"end":{"line":20,"column":72}},"20":{"start":{"line":21,"column":0},"end":{"line":21,"column":75}},"21":{"start":{"line":22,"column":0},"end":{"line":22,"column":45}},"22":{"start":{"line":23,"column":0},"end":{"line":23,"column":4}},"23":{"start":{"line":24,"column":0},"end":{"line":24,"column":3}},"24":{"start":{"line":25,"column":0},"end":{"line":25,"column":40}},"25":{"start":{"line":26,"column":0},"end":{"line":26,"column":1}},"27":{"start":{"line":28,"column":0},"end":{"line":28,"column":14}}},"s":{"0":1,"1":1,"3":1,"5":1,"6":4,"7":4,"8":4,"9":4,"10":4,"11":0,"12":0,"13":0,"14":0,"15":0,"16":0,"17":0,"18":0,"19":0,"20":0,"21":0,"22":0,"23":4,"24":4,"25":4,"27":1},"branchMap":{"0":{"type":"branch","line":6,"loc":{"start":{"line":6,"column":7},"end":{"line":26,"column":1}},"locations":[{"start":{"line":6,"column":7},"end":{"line":26,"column":1}}]}},"b":{"0":[4]},"fnMap":{"0":{"name":"registerToggleCsvStreamingCommand","decl":{"start":{"line":6,"column":7},"end":{"line":26,"column":1}},"loc":{"start":{"line":6,"column":7},"end":{"line":26,"column":1}},"line":6}},"f":{"0":4}}
,"/Users/nnaidoo/dev/vscode-extensions/string-le/src/commands/trim.ts": {"path":"/Users/nnaidoo/dev/vscode-extensions/string-le/src/commands/trim.ts","all":false,"statementMap":{"0":{"start":{"line":1,"column":0},"end":{"line":1,"column":33}},"1":{"start":{"line":2,"column":0},"end":{"line":2,"column":34}},"2":{"start":{"line":3,"column":0},"end":{"line":3,"column":61}},"3":{"start":{"line":4,"column":0},"end":{"line":4,"column":55}},"5":{"start":{"line":6,"column":0},"end":{"line":6,"column":73}},"7":{"start":{"line":8,"column":0},"end":{"line":8,"column":48}},"8":{"start":{"line":9,"column":0},"end":{"line":9,"column":47}},"9":{"start":{"line":10,"column":0},"end":{"line":10,"column":15}},"10":{"start":{"line":11,"column":0},"end":{"line":11,"column":55}},"11":{"start":{"line":12,"column":0},"end":{"line":12,"column":9}},"12":{"start":{"line":13,"column":0},"end":{"line":13,"column":2}},"14":{"start":{"line":15,"column":0},"end":{"line":15,"column":40}},"16":{"start":{"line":17,"column":0},"end":{"line":17,"column":60}},"17":{"start":{"line":18,"column":0},"end":{"line":18,"column":78}},"19":{"start":{"line":20,"column":0},"end":{"line":20,"column":25}},"20":{"start":{"line":21,"column":0},"end":{"line":21,"column":14}},"21":{"start":{"line":22,"column":0},"end":{"line":22,"column":43}},"22":{"start":{"line":23,"column":0},"end":{"line":23,"column":14}},"24":{"start":{"line":25,"column":0},"end":{"line":25,"column":61}},"26":{"start":{"line":27,"column":0},"end":{"line":27,"column":15}},"27":{"start":{"line":28,"column":0},"end":{"line":28,"column":39}},"28":{"start":{"line":29,"column":0},"end":{"line":29,"column":74}},"29":{"start":{"line":30,"column":0},"end":{"line":30,"column":4}},"30":{"start":{"line":31,"column":0},"end":{"line":31,"column":2}},"31":{"start":{"line":32,"column":0},"end":{"line":32,"column":1}},"33":{"start":{"line":34,"column":0},"end":{"line":34,"column":46}},"34":{"start":{"line":35,"column":0},"end":{"line":35,"column":34}},"35":{"start":{"line":36,"column":0},"end":{"line":36,"column":9}},"36":{"start":{"line":37,"column":0},"end":{"line":37,"column":28}},"37":{"start":{"line":38,"column":0},"end":{"line":38,"column":34}},"38":{"start":{"line":39,"column":0},"end":{"line":39,"column":32}},"39":{"start":{"line":40,"column":0},"end":{"line":40,"column":18}},"40":{"start":{"line":41,"column":0},"end":{"line":41,"column":4}},"41":{"start":{"line":42,"column":0},"end":{"line":42,"column":3}},"42":{"start":{"line":43,"column":0},"end":{"line":43,"column":1}}},"s":{"0":1,"1":1,"2":1,"3":1,"5":1,"7":0,"8":0,"9":0,"10":0,"11":0,"12":0,"14":0,"16":0,"17":0,"19":0,"20":0,"21":0,"22":0,"24":0,"26":0,"27":0,"28":0,"29":0,"30":0,"31":0,"33":1,"34":4,"35":4,"36":4,"37":4,"38":4,"39":4,"40":4,"41":4,"42":4},"branchMap":{"0":{"type":"branch","line":3
[...]
tart":{"line":9,"column":0},"end":{"line":9,"column":32}},"9":{"start":{"line":10,"column":0},"end":{"line":10,"column":36}},"10":{"start":{"line":11,"column":0},"end":{"line":11,"column":25}},"11":{"start":{"line":12,"column":0},"end":{"line":12,"column":3}},"12":{"start":{"line":13,"column":0},"end":{"line":13,"column":14}},"13":{"start":{"line":14,"column":0},"end":{"line":14,"column":50}},"14":{"start":{"line":15,"column":0},"end":{"line":15,"column":9}},"15":{"start":{"line":16,"column":0},"end":{"line":16,"column":37}},"16":{"start":{"line":17,"column":0},"end":{"line":17,"column":61}},"17":{"start":{"line":18,"column":0},"end":{"line":18,"column":6}},"18":{"start":{"line":19,"column":0},"end":{"line":19,"column":3}},"20":{"start":{"line":21,"column":0},"end":{"line":21,"column":28}},"21":{"start":{"line":22,"column":0},"end":{"line":22,"column":1}},"23":{"start":{"line":24,"column":0},"end":{"line":24,"column":51}},"24":{"start":{"line":25,"column":0},"end":{"line":25,"column":18}},"25":{"start":{"line":26,"column":0},"end":{"line":26,"column":16}},"26":{"start":{"line":27,"column":0},"end":{"line":27,"column":26}},"27":{"start":{"line":28,"column":0},"end":{"line":28,"column":32}},"28":{"start":{"line":29,"column":0},"end":{"line":29,"column":36}},"29":{"start":{"line":30,"column":0},"end":{"line":30,"column":25}},"30":{"start":{"line":31,"column":0},"end":{"line":31,"column":3}},"31":{"start":{"line":32,"column":0},"end":{"line":32,"column":41}},"33":{"start":{"line":34,"column":0},"end":{"line":34,"column":33}},"34":{"start":{"line":35,"column":0},"end":{"line":35,"column":42}},"35":{"start":{"line":36,"column":0},"end":{"line":36,"column":52}},"36":{"start":{"line":37,"column":0},"end":{"line":37,"column":2}},"38":{"start":{"line":39,"column":0},"end":{"line":39,"column":24}},"39":{"start":{"line":40,"column":0},"end":{"line":40,"column":1}},"41":{"start":{"line":42,"column":0},"end":{"line":42,"column":54}},"42":{"start":{"line":43,"column":0},"end":{"line":43,"column":18}},"43":{"start":{"line":44,"column":0},"end":{"line":44,"column":16}},"44":{"start":{"line":45,"column":0},"end":{"line":45,"column":26}},"45":{"start":{"line":46,"column":0},"end":{"line":46,"column":32}},"46":{"start":{"line":47,"column":0},"end":{"line":47,"column":36}},"47":{"start":{"line":48,"column":0},"end":{"line":48,"column":25}},"48":{"start":{"line":49,"column":0},"end":{"line":49,"column":3}},"49":{"start":{"line":50,"column":0},"end":{"line":50,"column":18}},"51":{"start":{"line":52,"column":0},"end":{"line":52,"column":33}},"52":{"start":{"line":53,"column":0},"end":{"line":53,"column":42}},"53":{"start":{"line":54,"column":0},"end":{"line":54,"column":34}},"54":{"start":{"line":55,"column":0},"end":{"line":55,"column":2}},"56":{"start":{"line":57,"column":0},"end":{"line":57,"column":25}},"57":{"start":{"line":58,"column":0},"end":{"line":58,"column":1}},"59":{"start":{"line":60,"column":0},"end":{"line":60,"column":56}},"60":{"start":{"line":61,"column":0},"end":{"line":61,"column":18}},"61":{"start":{"line":62,"column":0},"end":{"line":62,"column":16}},"62":{"start":{"line":63,"column":0},"end":{"line":63,"column":26}},"63":{"start":{"line":64,"column":0},"end":{"line":64,"column":32}},"64":{"start":{"line":65,"column":0},"end":{"line":65,"column":36}},"65":{"start":{"line":66,"column":0},"end":{"line":66,"column":25}},"66":{"start":{"line":67,"column":0},"end":{"line":67,"column":3}},"67":{"start":{"line":68,"column":0},"end":{"line":68,"column":18}},"69":{"start":{"line":70,"column":0},"end":{"line":70,"column":33}},"70":{"start":{"line":71,"column":0},"end":{"line":71,"column":42}},"71":{"start":{"line":72,"column":0},"end":{"line":72,"column":44}},"72":{"start":{"line":73,"column":0},"end":{"line":73,"column":2}},"74":{"start":{"line":75,"column":0},"end":{"line":75,"column":25}},"75":{"start":{"line":76,"column":0},"end":{"line":76,"column":1}},"78":{"start":{"line":79,"column":0},"end":{"line":79,"column":49}},"79":{"start":{"line":80,"column":0},"end":{"line":80,"column":41}},"80":{"start":{"line":81,"column":0},"end":{"line":81,"column":39}},"81":{"start":{"line":82,"column":0},"end":{"line":82,"column":3}},"83":{"start":{"line":84,"column":0},"end":{"line":84,"column":50}},"84":{"start":{"line":85,"column":0},"end":{"line":85,"column":42}},"85":{"start":{"line":86,"column":0},"end":{"line":86,"column":39}},"86":{"start":{"line":87,"column":0},"end":{"line":87,"column":3}},"88":{"start":{"line":89,"column":0},"end":{"line":89,"column":51}},"89":{"start":{"line":90,"column":0},"end":{"line":90,"column":43}},"90":{"start":{"line":91,"column":0},"end":{"line":91,"column":39}},"91":{"start":{"line":92,"column":0},"end":{"line":92,"column":3}},"93":{"start":{"line":94,"column":0},"end":{"line":94,"column":49}},"94":{"start":{"line":95,"column":0},"end":{"line":95,"column":44}},"95":{"start":{"line":96,"column":0},"end":{"line":96,"column":39}},"96":{"start":{"line":97,"column":0},"end":{"line":97,"column":3}},"98":{"start":{"line":99,"column":0},"end":{"line":99,"column":48}},"99":{"start":{"line":100,"column":0},"end":{"line":100,"column":40}},"100":{"start":{"line":101,"column":0},"end":{"line":101,"column":38}},"101":{"start":{"line":102,"column":0},"end":{"line":102,"column":3}},"103":{"start":{"line":104,"column":0},"end":{"line":104,"column":49}},"104":{"start":{"line":105,"column":0},"end":{"line":105,"column":41}},"105":{"start":{"line":106,"column":0},"end":{"line":106,"column":38}},"106":{"start":{"line":107,"column":0},"end":{"line":107,"column":3}},"108":{"start":{"line":109,"column":0},"end":{"line":109,"column":50}},"109":{"start":{"line":110,"column":0},"end":{"line":110,"column":42}},"110":{"start":{"line":111,"column":0},"end":{"line":111,"column":38}},"111":{"start":{"line":112,"column":0},"end":{"line":112,"column":3}},"113":{"start":{"line":114,"column":0},"end":{"line":114,"column":48}},"114":{"start":{"line":115,"column":0},"end":{"line":115,"column":43}},"115":{"start":{"line":116,"column":0},"end":{"line":116,"column":38}},"116":{"start":{"line":117,"column":0},"end":{"line":117,"column":3}},"118":{"start":{"line":119,"column":0},"end":{"line":119,"column":51}},"119":{"start":{"line":120,"column":0},"end":{"line":120,"column":43}},"120":{"start":{"line":121,"column":0},"end":{"line":121,"column":38}},"121":{"start":{"line":122,"column":0},"end":{"line":122,"column":3}},"123":{"start":{"line":124,"column":0},"end":{"line":124,"column":52}},"124":{"start":{"line":125,"column":0},"end":{"line":125,"column":44}},"125":{"start":{"line":126,"column":0},"end":{"line":126,"column":38}},"126":{"start":{"line":127,"column":0},"end":{"line":127,"column":3}},"128":{"start":{"line":129,"column":0},"end":{"line":129,"column":53}},"129":{"start":{"line":130,"column":0},"end":{"line":130,"column":45}},"130":{"start":{"line":131,"column":0},"end":{"line":131,"column":38}},"131":{"start":{"line":132,"column":0},"end":{"line":132,"column":3}},"133":{"start":{"line":134,"column":0},"end":{"line":134,"column":51}},"134":{"start":{"line":135,"column":0},"end":{"line":135,"column":46}},"135":{"start":{"line":136,"column":0},"end":{"line":136,"column":38}},"136":{"start":{"line":137,"column":0},"end":{"line":137,"column":3}},"138":{"start":{"line":139,"column":0},"end":{"line":139,"column":53}},"139":{"start":{"line":140,"column":0},"end":{"line":140,"column":45}},"140":{"start":{"line":141,"column":0},"end":{"line":141,"column":42}},"141":{"start":{"line":142,"column":0},"end":{"line":142,"column":3}},"143":{"start":{"line":144,"column":0},"end":{"line":144,"column":54}},"144":{"start":{"line":145,"column":0},"end":{"line":145,"column":46}},"145":{"start":{"line":146,"column":0},"end":{"line":146,"column":42}},"146":{"start":{"line":147,"column":0},"end":{"line":147,"column":3}},"148":{"start":{"line":149,"column":0},"end":{"line":149,"column":55}},"149":{"start":{"line":150,"column":0},"end":{"line":150,"column":47}},"150":{"start":{"line":151,"column":0},"end":{"line":151,"column":42}},"151":{"start":{"line":152,"column":0},"end":{"line":152,"column":3}},"153":{"start":{"line":154,"column":0},"end":{"line":154,"column":53}},"154":{"start":{"line":155,"column":0},"end":{"line":155,"column":48}},"155":{"start":{"line":156,"column":0},"end":{"line":156,"column":42}},"156":{"start":{"line":157,"column":0},"end":{"line":157,"column":3}},"159":{"start":{"line":160,"column":0},"end":{"line":160,"column":64}},"160":{"start":{"line":161,"column":0},"end":{"line":161,"column":44}},"161":{"start":{"line":162,"column":0},"end":{"line":162,"column":39}},"164":{"start":{"line":165,"column":0},"end":{"line":165,"column":61}},"165":{"start":{"line":166,"column":0},"end":{"line":166,"column":54}},"166":{"start":{"line":167,"column":0},"end":{"line":167,"column":2}},"167":{"start":{"line":168,"column":0},"end":{"line":168,"column":3}},"169":{"start":{"line":170,"column":0},"end":{"line":170,"column":63}},"170":{"start":{"line":171,"column":0},"end":{"line":171,"column":43}},"171":{"start":{"line":172,"column":0},"end":{"line":172,"column":38}},"174":{"start":{"line":175,"column":0},"end":{"line":175,"column":61}},"175":{"start":{"line":176,"column":0},"end":{"line":176,"column":54}},"176":{"start":{"line":177,"column":0},"end":{"line":177,"column":2}},"177":{"start":{"line":178,"column":0},"end":{"line":178,"column":3}},"179":{"start":{"line":180,"column":0},"end":{"line":180,"column":66}},"180":{"start":{"line":181,"column":0},"end":{"line":181,"column":46}},"181":{"start":{"line":182,"column":0},"end":{"line":182,"column":38}},"184":{"start":{"line":185,"column":0},"end":{"line":185,"column":61}},"185":{"start":{"line":186,"column":0},"end":{"line":186,"column":54}},"186":{"start":{"line":187,"column":0},"end":{"line":187,"column":2}},"187":{"start":{"line":188,"column":0},"end":{"line":188,"column":3}},"189":{"start":{"line":190,"column":0},"end":{"line":190,"column":68}},"190":{"start":{"line":191,"column":0},"end":{"line":191,"column":48}},"191":{"start":{"line":192,"column":0},"end":{"line":192,"column":42}},"194":{"start":{"line":195,"column":0},"end":{"line":195,"column":61}},"195":{"start":{"line":196,"column":0},"end":{"line":196,"column":54}},"196":{"start":{"line":197,"column":0},"end":{"line":197,"column":2}},"197":{"start":{"line":198,"column":0},"end":{"line":198,"column":3}}},"s":{"0":0,"1":0,"4":0,"5":0,"6":0,"7":0,"8":0,"9":0,"10":0,"11":0,"12":0,"13":0,"14":0,"15":0,"16":0,"17":0,"18":0,"20":0,"21":0,"23":0,"24":0,"25":0,"26":0,"27":0,"28":0,"29":0,"30":0,"31":0,"33":0,"34":0,"35":0,"36":0,"38":0,"39":0,"41":0,"42":0,"43":0,"44":0,"45":0,"46":0,"47":0,"48":0,"49":0,"51":0,"52":0,"53":0,"54":0,"56":0,"57":0,"59":0,"60":0,"61":0,"62":0,"63":0,"64":0,"65":0,"66":0,"67":0,"69":0,"70":0,"71":0,"72":0,"74":0,"75":0,"78":0,"79":0,"80":0,"81":0,"83":0,"84":0,"85":0,"86":0,"88":0,"89":0,"90":0,"91":0,"93":0,"94":0,"95":0,"96":0,"98":0,"99":0,"100":0,"101":0,"103":0,"104":0,"105":0,"106":0,"108":0,"109":0,"110":0,"111":0,"113":0,"114":0,"115":0,"116":0,"118":0,"119":0,"120":0,"121":0,"123":0,"124":0,"125":0,"126":0,"128":0,"129":0,"130":0,"131":0,"133":0,"134":0,"135":0,"136":0,"138":0,"139":0,"140":0,"141":0,"143":0,"144":0,"145":0,"146":0,"148":0,"149":0,"150":0,"151":0,"153":0,"154":0,"155":0,"156":0,"159":0,"160":0,"161":0,"164":0,"165":0,"166":0,"167":0,"169":0,"170":0,"171":0,"174":0,"175":0,"176":0,"177":0,"179":0,"180":0,"181":0,"184":0,"185":0,"186":0,"187":0,"189":0,"190":0,"191":0,"194":0,"195":0,"196":0,"197":0},"branchMap":{"0":{"type":"branch","line":1,"loc":{"start":{"line":1,"column":0},"end":{"line":198,"column":-930}},"locations":[{"start":{"line":1,"column":0},"end":{"line":198,"column":-930}}]}},"b":{"0":[0]},"fnMap":{"0":{"name":"(empty-report)","decl":{"start":{"line":1,"column":0},"end":{"line":198,"column":-930}},"loc":{"start":{"line":1,"column":0},"end":{"line":198,"column":-930}},"line":1}},"f":{"0":0}}
,"/Users/nnaidoo/dev/vscode-extensions/string-le/src/utils/text.ts": {"path":"/Users/nnaidoo/dev/vscode-extensions/string-le/src/utils/text.ts","all":false,"statementMap":{"9":{"start":{"line":10,"column":0},"end":{"line":10,"column":71}},"10":{"start":{"line":11,"column":0},"end":{"line":11,"column":53}},"11":{"start":{"line":12,"column":0},"end":{"line":12,"column":39}},"12":{"start":{"line":13,"column":0},"end":{"line":13,"column":52}},"13":{"start":{"line":14,"column":0},"end":{"line":14,"column":1}},"15":{"start":{"line":16,"column":0},"end":{"line":16,"column":66}},"18":{"start":{"line":19,"column":0},"end":{"line":19,"column":28}},"19":{"start":{"line":20,"column":0},"end":{"line":20,"column":28}},"20":{"start":{"line":21,"column":0},"end":{"line":21,"column":16}},"21":{"start":{"line":22,"column":0},"end":{"line":22,"column":22}},"22":{"start":{"line":23,"column":0},"end":{"line":23,"column":53}},"23":{"start":{"line":24,"column":0},"end":{"line":24,"column":39}},"24":{"start":{"line":25,"column":0},"end":{"line":25,"column":56}},"25":{"start":{"line":26,"column":0},"end":{"line":26,"column":27}},"26":{"start":{"line":27,"column":0},"end":{"line":27,"column":16}},"27":{"start":{"line":28,"column":0},"end":{"line":28,"column":19}},"28":{"start":{"line":29,"column":0},"end":{"line":29,"column":47}},"29":{"start":{"line":30,"column":0},"end":{"line":30,"column":9}},"30":{"start":{"line":31,"column":0},"end":{"line":31,"column":20}},"31":{"start":{"line":32,"column":0},"end":{"line":32,"column":47}},"32":{"start":{"line":33,"column":0},"end":{"line":33,"column":9}},"33":{"start":{"line":34,"column":0},"end":{"line":34,"column":20}},"34":{"start":{"line":35,"column":0},"end":{"line":35,"column":66}},"35":{"start":{"line":36,"column":0},"end":{"line":36,"column":9}},"36":{"start":{"line":37,"column":0},"end":{"line":37,"column":21}},"37":{"start":{"line":38,"column":0},"end":{"line":38,"column":66}},"38":{"start":{"line":39,"column":0},"end":{"line":39,"column":9}},"39":{"start":{"line":40,"column":0},"end":{"line":40,"column":2}},"40":{"start":{"line":41,"column":0},"end":{"line":41,"column":28}},"41":{"start":{"line":42,"column":0},"end":{"line":42,"column":1}}},"s":{"9":1,"10":8,"11":8,"12":7,"13":7,"15":1,"18":1,"19":16,"20":16,"21":16,"22":16,"23":16,"24":16,"25":14,"26":14,"27":16,"28":8,"29":8,"30":16,"31":2,"32":2,"33":16,"34":2,"35":2,"36":16,"37":2,"38":2,"39":16,"40":14,"41":14},"branchMap":{"0":{"type":"branch","line":10,"loc":{"start":{"line":10,"column":7},"end":{"line":14,"column":1}},"locations":[{"start":{"line":10,"column":7},"end":{"line":14,"column":1}}]},"1":{"type":"branch","line":12,"loc":{"start":{"line":12,"column":2},"end":{"line":14,"column":1}},"locations":[{"start":{"line":12,"column":2},"end":{"line":14,"column":1}}]},"2":{"type":"branch","line":12,"loc":{"start":{"line":12,"column":2},"end":{"line":12,"column":39}},"locations":[{"start":{"line":12,"column":2},"end":{"line":12,"column":39}}]},"3":{"type":"branch","line":19,"loc":{"start":{"line":19,"column":7},"end":{"line":42,"column":1}},"locations":[{"start":{"line":19,"column":7},"end":{"line":42,"column":1}}]},"4":{"type":"branch","line":24,"loc":{"start":{"line":24,"column":2},"end":{"line":24,"column":39}},"locations":[{"start":{"line":24,"column":2},"end":{"line":24,"column":39}}]},"5":{"type":"branch","line":25,"loc":{"start":{"line":25,"column":21},"end":{"line":25,"column":56}},"locations":[{"start":{"line":25,"column":21},"end":{"line":25,"column":56}}]},"6":{"type":"branch","line":25,"loc":{"start":{"line":25,"column":54},"end":{"line":27,"column":16}},"locations":[{"start":{"line":25,"column":54},"end":{"line":27,"column":16}}]},"7":{"type":"branch","line":28,"loc":{"start":{"line":28,"column":2},"end":{"line":30,"column":9}},"locations":[{"start":{"line":28,"column":2},"end":{"line":30,"column":9}}]},"8":{"type":"branch","line":31,"loc":{"start":{"line":31,"column":2},"end":{"line":33,"column":9}},"locations":[{"start":{"line":31,"column":2},"end":{"line":33,"column":9}}]},"9":{"type":"branch","line":34,"loc":{"start":{"line":34,"column":2},"end":{"line":36,"column":9}},"locations":[{"start":{"line":34,"column":2},"end":{"line":36,"column":9}}]},"10":{"type":"branch","line":37,"loc":{"start":{"line":37,"column":2},"end":{"line":39,"column":9}},"locations":[{"start":{"line":37,"column":2},"end":{"line":39,"column":9}}]},"11":{"type":"branch","line":40,"loc":{"start":{"line":40,"column":1},"end":{"line":42,"column":1}},"locations":[{"start":{"line":40,"column":1},"end":{"line":42,"column":1}}]},"12":{"type":"branch","line":29,"loc":{"start":{"line":29,"column":13},"end":{"line":29,"column":45}},"locations":[{"start":{"line":29,"column":13},"end":{"line":29,"column":45}}]},"13":{"type":"branch","line":32,"loc":{"start":{"line":32,"column":13},"end":{"line":32,"column":45}},"locations":[{"start":{"line":32,"column":13},"end":{"line":32,"column":45}}]},"14":{"type":"branch","line":35,"loc":{"start":{"line":35,"column":13},"end":{"line":35,"column":64}},"locations":[{"start":{"line":35,"column":13},"end":{"line":35,"column":64}}]},"15":{"type":"branch","line":35,"loc":{"start":{"line":35,"column":36},"end":{"line":35,"column":64}},"locations":[{"start":{"line":35,"column":36},"end":{"line":35,"column":64}}]},"16":{"type":"branch","line":38,"loc":{"start":{"line":38,"column":13},"end":{"line":38,"column":64}},"locations":[{"start":{"line":38,"column":13},"end":{"line":38,"column":64}}]},"17":{"type":"branch","line":38,"loc":{"start":{"line":38,"column":36},"end":{"line":38,"column":64}},"locations":[{"start":{"line":38,"column":36},"end":{"line":38,"column":64}}]}},"b":{"0":[8],"1":[7],"2":[1],"3":[16],"4":[0],"5":[2],"6":[14],"7":[8],"8":[2],"9":[2],"10":[2],"11":[14],"12":[25],"13":[10],"14":[8],"15":[2],"16":[8],"17":[2]},"fnMap":{"0":{"name":"dedupe","decl":{"start":{"line":10,"column":7},"end":{"line":14,"column":1}},"loc":{"start":{"line":10,"column":7},"end":{"line":14,"column":1}},"line":10},"1":{"name":"sortStrings","decl":{"start":{"line":19,"column":7},"end":{"line":42,"column":1}},"loc":{"start":{"line":19,"column":7},"end":{"line":42,"column":1}},"line":19}},"f":{"0":8,"1":16}}
,"/Users/nnaidoo/dev/vscode-extensions/string-le/src/utils/trim.ts": {"path":"/Users/nnaidoo/dev/vscode-extensions/string-le/src/utils/trim.ts","all":false,"statementMap":{"2":{"start":{"line":3,"column":0},"end":{"line":3,"column":69}},"3":{"start":{"line":4,"column":0},"end":{"line":4,"column":16}},"4":{"start":{"line":5,"column":0},"end":{"line":5,"column":17}},"5":{"start":{"line":6,"column":0},"end":{"line":6,"column":27}},"6":{"start":{"line":7,"column":0},"end":{"line":7,"column":18}},"7":{"start":{"line":8,"column":0},"end":{"line":8,"column":25}},"8":{"start":{"line":9,"column":0},"end":{"line":9,"column":10}},"9":{"start":{"line":10,"column":0},"end":{"line":10,"column":22}},"10":{"start":{"line":11,"column":0},"end":{"line":11,"column":2}},"11":{"start":{"line":12,"column":0},"end":{"line":12,"column":1}}},"s":{"2":1,"3":24,"4":24,"5":8,"6":24,"7":8,"8":24,"9":8,"10":24,"11":24},"branchMap":{"0":{"type":"branch","line":3,"loc":{"start":{"line":3,"column":7},"end":{"line":12,"column":1}},"locations":[{"start":{"line":3,"column":7},"end":{"line":12,"column":1}}]},"1":{"type":"branch","line":5,"loc":{"start":{"line":5,"column":2},"end":{"line":6,"column":27}},"locations":[{"start":{"line":5,"column":2},"end":{"line":6,"column":27}}]},"2":{"type":"branch","line":7,"loc":{"start":{"line":7,"column":2},"end":{"line":8,"column":25}},"locations":[{"start":{"line":7,"column":2},"end":{"line":8,"column":25}}]},"3":{"type":"branch","line":9,"loc":{"start":{"line":9,"column":2},"end":{"line":10,"column":22}},"locations":[{"start":{"line":9,"column":2},"end":{"line":10,"column":22}}]}},"b":{"0":[24],"1":[8],"2":[8],"3":[8]},"fnMap":{"0":{"name":"applyTrimMode","decl":{"start":{"line":3,"column":7},"end":{"line":12,"column":1}},"loc":{"start":{"line":3,"column":7},"end":{"line":12,"column":1}},"line":3}},"f":{"0":24}}
}
