TN:
SF:src/extension.ts
FN:10,deactivate
FN:12,activate
FNF:2
FNH:2
FNDA:1,deactivate
FNDA:5,activate
DA:3,1
DA:4,1
DA:5,1
DA:6,1
DA:7,1
DA:8,1
DA:10,1
DA:12,1
DA:13,5
DA:14,5
DA:15,5
DA:18,5
DA:19,5
DA:20,5
DA:22,5
DA:23,5
LF:16
LH:16
BRDA:10,0,0,1
BRDA:12,1,0,5
BRF:2
BRH:2
end_of_record
TN:
SF:src/types.ts
FN:1,(empty-report)
FNF:1
FNH:1
FNDA:1,(empty-report)
LF:0
LH:0
BRDA:1,0,0,1
BRF:1
BRH:1
end_of_record
TN:
SF:src/commands/dedupe.ts
FN:5,registerDedupeCommand
FNF:1
FNH:1
FNDA:12,registerDedupeCommand
DA:1,1
DA:2,1
DA:3,1
DA:5,1
DA:6,12
DA:7,12
DA:8,12
DA:9,12
DA:10,7
DA:11,7
DA:12,1
DA:13,1
DA:14,1
DA:15,6
DA:16,6
DA:17,6
DA:18,6
DA:19,6
DA:20,6
DA:21,7
DA:22,12
DA:23,12
DA:24,12
LF:23
LH:23
BRDA:5,0,0,12
BRDA:9,1,0,7
BRDA:11,2,0,1
BRDA:14,3,0,6
BRF:4
BRH:4
end_of_record
TN:
SF:src/commands/extract.ts
FN:30,countMultilineStrings
FN:35,getShowDocumentOptions
FN:61,validateAndPrepareExtraction
FN:114,handleCsvMultiColumnExtraction
FN:169,handleStreamingMultiColumn
FN:282,handleNonStreamingMultiColumn
FN:339,handleCsvStreamingExtraction
FN:375,flush
FN:396,onParseError
FN:460,handleNormalExtraction
FN:468,onParseError
FN:510,processAndOutputResults
FN:598,registerExtractStringsCommand
FNF:13
FNH:8
FNDA:4,countMultilineStrings
FNDA:4,getShowDocumentOptions
FNDA:6,validateAndPrepareExtraction
FNDA:4,handleCsvMultiColumnExtraction
FNDA:0,handleStreamingMultiColumn
FNDA:0,handleNonStreamingMultiColumn
FNDA:4,handleCsvStreamingExtraction
FNDA:0,flush
FNDA:0,onParseError
FNDA:4,handleNormalExtraction
FNDA:0,onParseError
FNDA:4,processAndOutputResults
FNDA:12,registerExtractStringsCommand
DA:1,1
DA:2,1
DA:3,1
DA:4,1
DA:9,1
DA:10,1
DA:12,1
DA:17,1
DA:23,1
DA:24,1
DA:25,1
DA:27,1
DA:30,4
DA:31,4
DA:32,4
DA:35,4
DA:36,4
DA:37,4
DA:38,4
DA:39,4
DA:40,4
DA:41,0
DA:42,0
DA:43,4
DA:44,4
DA:61,6
DA:62,6
DA:63,6
DA:65,6
DA:67,6
DA:68,1
DA:69,1
DA:70,1
DA:71,1
DA:72,1
DA:75,5
DA:78,5
DA:79,5
DA:80,6
DA:81,0
DA:82,0
DA:83,0
DA:84,0
DA:85,0
DA:88,5
DA:89,6
DA:90,1
DA:91,1
DA:92,0
DA:93,0
DA:94,6
DA:95,0
DA:96,0
DA:97,0
DA:98,0
DA:100,4
DA:101,6
DA:103,0
DA:104,0
DA:105,0
DA:106,0
DA:107,0
DA:108,0
DA:109,0
DA:110,0
DA:111,6
DA:114,4
DA:115,4
DA:116,4
DA:117,4
DA:118,4
DA:120,4
DA:121,4
DA:122,4
DA:123,4
DA:124,4
DA:125,4
DA:128,0
DA:129,0
DA:130,4
DA:131,4
DA:132,0
DA:133,0
DA:136,4
DA:137,4
DA:138,4
DA:139,4
DA:140,4
DA:141,4
DA:143,4
DA:144,4
DA:145,0
DA:146,0
DA:147,4
DA:148,0
DA:149,0
DA:150,0
DA:152,0
DA:154,0
DA:155,0
DA:156,0
DA:157,0
DA:158,0
DA:160,0
DA:161,0
DA:162,0
DA:163,0
DA:164,0
DA:165,0
DA:166,0
DA:169,0
DA:170,0
DA:171,0
DA:172,0
DA:173,0
DA:174,0
DA:175,0
DA:177,0
DA:178,0
DA:179,0
DA:181,0
DA:182,0
DA:183,0
DA:184,0
DA:185,0
DA:186,0
DA:187,0
DA:188,0
DA:189,0
DA:190,0
DA:191,0
DA:192,0
DA:195,0
DA:196,0
DA:197,0
DA:198,0
DA:199,0
DA:200,0
DA:201,0
DA:202,0
DA:204,0
DA:206,0
DA:207,0
DA:208,0
DA:209,0
DA:210,0
DA:211,0
DA:213,0
DA:214,0
DA:216,0
DA:218,0
DA:219,0
DA:220,0
DA:221,0
DA:222,0
DA:223,0
DA:224,0
DA:225,0
DA:227,0
DA:228,0
DA:229,0
DA:230,0
DA:231,0
DA:232,0
DA:233,0
DA:234,0
DA:235,0
DA:236,0
DA:237,0
DA:239,0
DA:240,0
DA:242,0
DA:243,0
DA:244,0
DA:245,0
DA:246,0
DA:247,0
DA:248,0
DA:249,0
DA:250,0
DA:251,0
DA:252,0
DA:253,0
DA:254,0
DA:255,0
DA:256,0
DA:257,0
DA:258,0
DA:259,0
DA:260,0
DA:261,0
DA:262,0
DA:263,0
DA:264,0
DA:265,0
DA:267,0
DA:268,0
DA:269,0
DA:271,0
DA:272,0
DA:273,0
DA:274,0
DA:276,0
DA:277,0
DA:278,0
DA:279,0
DA:282,0
DA:283,0
DA:284,0
DA:285,0
DA:286,0
DA:287,0
DA:288,0
DA:289,0
DA:290,0
DA:292,0
DA:293,0
DA:295,0
DA:296,0
DA:297,0
DA:298,0
DA:299,0
DA:300,0
DA:301,0
DA:302,0
DA:303,0
DA:305,0
DA:306,0
DA:307,0
DA:308,0
DA:309,0
DA:311,0
DA:313,0
DA:314,0
DA:315,0
DA:316,0
DA:317,0
DA:318,0
DA:319,0
DA:320,0
DA:321,0
DA:322,0
DA:323,0
DA:324,0
DA:325,0
DA:326,0
DA:327,0
DA:328,0
DA:329,0
DA:330,0
DA:331,0
DA:332,0
DA:333,0
DA:334,0
DA:335,0
DA:336,0
DA:339,4
DA:340,4
DA:341,4
DA:342,4
DA:343,4
DA:345,4
DA:346,4
DA:347,4
DA:349,0
DA:351,0
DA:352,0
DA:353,0
DA:354,0
DA:355,0
DA:356,0
DA:357,0
DA:358,0
DA:359,0
DA:360,0
DA:361,0
DA:364,0
DA:365,0
DA:366,0
DA:367,0
DA:368,0
DA:369,0
DA:370,0
DA:371,0
DA:373,0
DA:375,0
DA:376,0
DA:377,0
DA:378,0
DA:379,0
DA:380,0
DA:382,0
DA:383,0
DA:385,0
DA:387,0
DA:388,0
DA:389,0
DA:390,0
DA:391,0
DA:393,0
DA:394,0
DA:395,0
DA:396,0
DA:397,0
DA:398,0
DA:399,0
DA:400,0
DA:401,0
DA:402,4
DA:403,0
DA:404,0
DA:405,4
DA:407,4
DA:409,4
DA:410,0
DA:411,0
DA:412,0
DA:413,0
DA:414,0
DA:415,0
DA:416,0
DA:417,0
DA:418,0
DA:419,0
DA:420,0
DA:421,0
DA:423,0
DA:424,0
DA:425,0
DA:426,0
DA:427,0
DA:428,0
DA:429,0
DA:430,0
DA:431,0
DA:432,0
DA:433,0
DA:434,0
DA:435,0
DA:436,0
DA:437,0
DA:438,0
DA:439,0
DA:440,0
DA:441,0
DA:442,0
DA:443,0
DA:444,0
DA:445,0
DA:446,0
DA:447,0
DA:449,0
DA:450,0
DA:451,0
DA:452,0
DA:454,0
DA:455,0
DA:456,0
DA:457,4
DA:460,4
DA:461,4
DA:462,4
DA:463,4
DA:464,4
DA:466,4
DA:467,4
DA:468,4
DA:469,0
DA:470,0
DA:471,4
DA:473,4
DA:474,4
DA:475,4
DA:477,4
DA:478,4
DA:479,0
DA:480,4
DA:481,4
DA:482,0
DA:483,4
DA:485,4
DA:486,0
DA:487,0
DA:488,0
DA:489,0
DA:490,0
DA:493,4
DA:494,4
DA:495,0
DA:496,0
DA:499,4
DA:500,0
DA:501,0
DA:502,0
DA:503,0
DA:504,0
DA:506,4
DA:507,4
DA:510,4
DA:511,4
DA:512,4
DA:513,4
DA:514,4
DA:515,4
DA:518,4
DA:519,4
DA:520,4
DA:521,4
DA:522,4
DA:523,0
DA:524,0
DA:525,0
DA:526,0
DA:528,0
DA:529,0
DA:530,0
DA:531,0
DA:532,0
DA:533,0
DA:534,0
DA:536,4
DA:538,4
DA:539,4
DA:540,4
DA:541,4
DA:542,4
DA:543,4
DA:544,4
DA:545,4
DA:546,4
DA:547,4
DA:548,4
DA:549,0
DA:550,0
DA:551,0
DA:552,0
DA:553,0
DA:554,0
DA:555,0
DA:556,0
DA:557,0
DA:558,4
DA:561,4
DA:562,4
DA:563,4
DA:564,0
DA:565,0
DA:566,0
DA:567,0
DA:568,0
DA:569,0
DA:570,0
DA:571,0
DA:572,0
DA:573,0
DA:574,0
DA:575,0
DA:577,4
DA:578,4
DA:579,4
DA:580,4
DA:583,4
DA:584,0
DA:585,0
DA:586,0
DA:587,4
DA:588,4
DA:589,4
DA:590,4
DA:591,4
DA:592,4
DA:593,4
DA:594,4
DA:595,4
DA:596,4
DA:598,1
DA:599,12
DA:600,12
DA:605,12
DA:606,12
DA:608,12
DA:609,12
DA:610,12
DA:611,6
DA:614,6
DA:615,6
DA:616,6
DA:617,6
DA:618,6
DA:619,6
DA:621,4
DA:622,4
DA:624,4
DA:625,4
DA:626,4
DA:627,4
DA:628,4
DA:629,4
DA:630,4
DA:631,4
DA:634,4
DA:637,4
DA:638,4
DA:639,4
DA:640,0
DA:641,0
DA:642,0
DA:643,0
DA:644,0
DA:645,0
DA:646,0
DA:647,0
DA:648,4
DA:650,4
DA:652,4
DA:655,4
DA:656,4
DA:657,4
DA:658,4
DA:659,4
DA:660,4
DA:661,4
DA:662,4
DA:665,4
DA:666,4
DA:667,4
DA:668,4
DA:669,4
DA:670,6
DA:671,12
DA:673,12
DA:674,12
LF:532
LH:194
BRDA:30,0,0,4
BRDA:31,1,0,5
BRDA:35,2,0,4
BRDA:40,3,0,0
BRDA:61,4,0,6
BRDA:67,5,0,1
BRDA:72,6,0,5
BRDA:80,7,0,0
BRDA:85,8,0,5
BRDA:89,9,0,1
BRDA:91,10,0,0
BRDA:93,11,0,4
BRDA:94,12,0,0
BRDA:98,13,0,4
BRDA:101,14,0,0
BRDA:114,15,0,4
BRDA:122,16,0,0
BRDA:125,17,0,0
BRDA:131,18,0,0
BRDA:132,19,0,0
BRDA:138,20,0,0
BRDA:138,21,0,0
BRDA:144,22,0,0
BRDA:147,23,0,0
BRDA:339,24,0,4
BRDA:345,25,0,0
BRDA:347,26,0,0
BRDA:402,27,0,0
BRDA:409,28,0,0
BRDA:460,29,0,4
BRDA:477,30,0,0
BRDA:478,31,0,0
BRDA:481,32,0,0
BRDA:485,33,0,0
BRDA:494,34,0,0
BRDA:499,35,0,0
BRDA:510,36,0,4
BRDA:522,37,0,0
BRDA:536,38,0,0
BRDA:548,39,0,0
BRDA:561,40,0,0
BRDA:563,41,0,0
BRDA:563,42,0,0
BRDA:583,43,0,0
BRDA:598,44,0,12
BRDA:610,45,0,6
BRDA:619,46,0,2
BRDA:619,47,0,4
BRDA:630,48,0,4
BRDA:631,49,0,0
BRDA:638,50,0,0
BRDA:639,51,0,0
BRDA:652,52,0,0
BRDA:665,53,0,0
BRDA:666,54,0,0
BRF:55
BRH:19
end_of_record
TN:
SF:src/commands/index.ts
FN:12,registerAllCommands
FNF:1
FNH:1
FNDA:5,registerAllCommands
DA:5,1
DA:6,1
DA:7,1
DA:8,1
DA:9,1
DA:12,1
DA:13,5
DA:14,5
DA:19,5
DA:20,5
DA:21,5
DA:22,5
DA:23,5
DA:24,5
DA:25,5
LF:15
LH:15
BRDA:12,0,0,5
BRF:1
BRH:1
end_of_record
TN:
SF:src/commands/postProcessHelper.ts
FN:8,processAndOutput
FNF:1
FNH:1
FNDA:16,processAndOutput
DA:1,1
DA:8,16
DA:9,16
DA:10,16
DA:11,16
DA:12,16
DA:13,16
DA:14,16
DA:16,16
DA:17,0
DA:18,0
DA:19,0
DA:20,0
DA:21,0
DA:22,0
DA:23,0
DA:24,0
DA:25,0
DA:26,0
DA:27,0
DA:28,0
DA:29,0
DA:30,0
DA:31,0
DA:32,0
DA:33,0
DA:34,0
DA:36,16
DA:37,16
DA:38,16
DA:39,16
DA:40,16
DA:41,16
DA:42,16
DA:43,16
DA:45,16
DA:46,0
DA:47,0
DA:48,0
DA:49,0
DA:50,0
DA:52,16
DA:53,16
DA:54,0
DA:55,0
DA:56,0
DA:57,0
DA:58,0
DA:59,16
LF:49
LH:21
BRDA:8,0,0,16
BRDA:16,1,0,0
BRDA:45,2,0,0
BRDA:53,3,0,0
BRDA:37,4,0,16
BRF:5
BRH:2
end_of_record
TN:
SF:src/commands/sort.ts
FN:8,registerSortCommand
FNF:1
FNH:1
FNDA:17,registerSortCommand
DA:1,1
DA:2,1
DA:3,1
DA:4,1
DA:6,1
DA:8,1
DA:9,17
DA:10,17
DA:11,17
DA:12,17
DA:13,12
DA:14,12
DA:15,1
DA:16,1
DA:17,1
DA:19,11
DA:20,11
DA:21,11
DA:22,11
DA:23,11
DA:24,11
DA:25,11
DA:26,11
DA:27,11
DA:28,11
DA:29,11
DA:30,11
DA:31,11
DA:32,11
DA:33,11
DA:34,11
DA:35,11
DA:36,11
DA:37,11
DA:38,11
DA:39,11
DA:40,11
DA:41,11
DA:42,11
DA:43,11
DA:44,11
DA:45,11
DA:46,11
DA:47,11
DA:48,11
DA:49,11
DA:50,11
DA:51,11
DA:52,11
DA:53,11
DA:54,11
DA:55,11
DA:56,11
DA:57,11
DA:58,11
DA:59,12
DA:60,1
DA:61,12
DA:62,12
DA:63,12
DA:64,10
DA:65,10
DA:66,10
DA:67,12
DA:68,17
DA:69,17
DA:70,17
LF:67
LH:67
BRDA:8,0,0,17
BRDA:12,1,0,12
BRDA:14,2,0,1
BRDA:17,3,0,11
BRDA:58,4,0,1
BRDA:58,5,0,10
BRDA:59,6,0,9
BRDA:59,7,0,1
BRDA:63,8,0,10
BRDA:50,9,0,44
BRDA:59,10,0,19
BRF:11
BRH:11
end_of_record
TN:
SF:src/commands/toggleCsvStreaming.ts
FN:6,registerToggleCsvStreamingCommand
FNF:1
FNH:1
FNDA:4,registerToggleCsvStreamingCommand
DA:1,1
DA:2,1
DA:4,1
DA:6,1
DA:7,4
DA:8,4
DA:9,4
DA:10,4
DA:11,4
DA:12,0
DA:13,0
DA:14,0
DA:15,0
DA:16,0
DA:17,0
DA:18,0
DA:19,0
DA:20,0
DA:21,0
DA:22,0
DA:23,0
DA:24,4
DA:25,4
DA:26,4
DA:28,1
LF:25
LH:13
BRDA:6,0,0,4
BRF:1
BRH:1
end_of_record
TN:
SF:src/commands/trim.ts
FN:8,trimWhitespace
FN:34,registerTrimWhitespaceCommand
FNF:2
FNH:1
FNDA:0,trimWhitespace
FNDA:4,registerTrimWhitespaceCommand
DA:1,1
DA:2,1
DA:3,1
DA:4,1
DA:6,1
DA:8,0
DA:9,0
DA:10,0
DA:11,0
DA:12,0
DA:13,0
DA:15,0
DA:17,0
DA:18,0
DA:20,0
DA:21,0
DA:22,0
DA:23,0
DA:25,0
DA:27,0
DA:28,0
DA:29,0
DA:30,0
DA:31,0
DA:32,0
DA:34,1
DA:35,4
DA:36,4
DA:37,4
DA:38,4
DA:39,4
DA:40,4
DA:41,4
DA:42,4
DA:43,4
LF:35
LH:15
BRDA:34,0,0,4
BRF:1
BRH:1
end_of_record
TN:
SF:src/config/config.ts
FN:7,readConfig
FN:90,isValidSortMode
FN:100,isValidNotificationLevel
FNF:3
FNH:3
FNDA:4,readConfig
FNDA:4,isValidSortMode
FNDA:4,isValidNotificationLevel
DA:1,1
DA:2,1
DA:5,1
DA:7,1
DA:8,4
DA:9,4
DA:10,4
DA:11,4
DA:12,4
DA:13,4
DA:14,4
DA:15,4
DA:16,4
DA:17,4
DA:18,4
DA:19,4
DA:20,4
DA:21,4
DA:22,4
DA:23,4
DA:24,4
DA:25,0
DA:26,4
DA:27,4
DA:28,4
DA:29,4
DA:30,4
DA:31,4
DA:32,4
DA:33,4
DA:34,4
DA:35,4
DA:36,4
DA:37,4
DA:38,4
DA:39,4
DA:40,4
DA:41,4
DA:42,4
DA:43,4
DA:44,4
DA:45,4
DA:46,4
DA:47,4
DA:48,4
DA:49,4
DA:50,4
DA:51,4
DA:52,4
DA:53,4
DA:54,4
DA:55,4
DA:56,4
DA:57,4
DA:58,4
DA:59,4
DA:60,4
DA:61,4
DA:63,4
DA:64,4
DA:65,4
DA:66,4
DA:67,4
DA:68,4
DA:69,4
DA:70,4
DA:71,4
DA:72,4
DA:73,4
DA:74,4
DA:75,4
DA:76,4
DA:77,4
DA:78,4
DA:79,4
DA:80,4
DA:81,4
DA:82,4
DA:83,4
DA:84,4
DA:85,4
DA:86,4
DA:90,1
DA:91,4
DA:92,4
DA:93,0
DA:94,0
DA:95,0
DA:96,0
DA:98,4
DA:100,1
DA:101,4
DA:102,4
DA:128,1
LF:94
LH:89
BRDA:7,0,0,4
BRDA:12,1,0,0
BRDA:24,2,0,0
BRDA:90,3,0,4
BRDA:92,4,0,0
BRDA:93,5,0,0
BRDA:94,6,0,0
BRDA:95,7,0,0
BRDA:100,8,0,4
BRDA:101,9,0,0
BRDA:101,10,0,0
BRF:11
BRH:3
end_of_record
TN:
SF:src/config/fileTypes.ts
FN:5,normalizeFileType
FN:23,isSupportedFileType
FNF:2
FNH:2
FNDA:9,normalizeFileType
FNDA:17,isSupportedFileType
DA:1,1
DA:3,1
DA:5,1
DA:6,9
DA:7,9
DA:8,9
DA:9,8
DA:10,9
DA:11,9
DA:23,1
DA:24,17
DA:25,17
DA:26,7
DA:27,7
DA:28,6
DA:29,5
DA:30,5
DA:31,5
DA:32,4
DA:34,17
DA:37,1
LF:21
LH:21
BRDA:5,0,0,9
BRDA:8,1,0,1
BRDA:8,2,0,8
BRDA:10,3,0,6
BRDA:10,4,0,2
BRDA:23,5,0,17
BRDA:25,6,0,7
BRDA:26,7,0,7
BRDA:27,8,0,6
BRDA:28,9,0,5
BRDA:29,10,0,5
BRDA:30,11,0,5
BRDA:31,12,0,4
BRF:13
BRH:13
end_of_record
TN:
SF:src/config/settings.ts
FN:5,registerOpenSettingsCommand
FNF:1
FNH:1
FNDA:4,registerOpenSettingsCommand
DA:1,1
DA:5,1
DA:6,4
DA:7,4
DA:8,4
DA:9,4
DA:10,4
DA:11,0
DA:13,0
DA:14,0
DA:15,0
DA:16,0
DA:17,4
DA:18,4
DA:19,4
LF:15
LH:10
BRDA:5,0,0,4
BRF:1
BRH:1
end_of_record
TN:
SF:src/extraction/collect.ts
FN:5,collectStrings
FNF:1
FNH:1
FNDA:2461847,collectStrings
DA:2,1
DA:5,1
DA:6,2461847
DA:7,2461847
DA:8,2461847
DA:9,2461847
DA:10,2461847
DA:13,0
DA:14,0
DA:16,2461847
DA:17,2461839
DA:18,1757479
DA:19,1757479
DA:20,1757479
DA:21,1757479
DA:22,2461847
DA:23,15
DA:24,352171
DA:25,352171
DA:26,15
DA:27,15
DA:28,2461842
DA:29,352184
DA:30,2109653
DA:31,2109653
DA:32,352184
DA:33,352184
DA:34,352161
DA:35,352161
LF:29
LH:27
BRDA:5,0,0,2461847
BRDA:10,1,0,0
BRDA:16,2,0,8
BRDA:16,3,0,2461839
BRDA:17,4,0,1757479
BRDA:19,5,0,1757476
BRDA:21,6,0,704360
BRDA:22,7,0,15
BRDA:23,8,0,352171
BRDA:27,9,0,2461842
BRDA:27,10,0,704345
BRDA:28,11,0,352184
BRDA:29,12,0,2109653
BRDA:33,13,0,352161
BRF:14
BRH:13
end_of_record
TN:
SF:src/extraction/extract.ts
FN:14,extractStrings
FNF:1
FNH:1
FNDA:41,extractStrings
DA:2,1
DA:3,1
DA:4,1
DA:5,1
DA:7,1
DA:8,1
DA:9,1
DA:10,1
DA:11,1
DA:12,1
DA:14,1
DA:15,41
DA:16,41
DA:17,41
DA:18,41
DA:19,41
DA:21,41
DA:22,32
DA:23,32
DA:24,41
DA:25,28
DA:26,28
LF:22
LH:22
BRDA:14,0,0,41
BRDA:21,1,0,9
BRDA:21,2,0,32
BRDA:24,3,0,4
BRDA:24,4,0,28
BRF:5
BRH:5
end_of_record
TN:
SF:src/extraction/formats/csv.ts
FN:7,extractCsv
FN:51,streamCsvStrings
FNF:2
FNH:1
FNDA:19,extractCsv
FNDA:0,streamCsvStrings
DA:1,1
DA:2,1
DA:3,1
DA:7,1
DA:8,19
DA:9,19
DA:10,19
DA:11,19
DA:12,19
DA:13,19
DA:14,0
DA:15,19
DA:16,19
DA:19,17
DA:20,17
DA:21,17
DA:22,17
DA:23,17
DA:24,17
DA:25,17
DA:26,17
DA:28,17
DA:30,19
DA:31,19
DA:32,0
DA:33,0
DA:34,0
DA:35,0
DA:36,0
DA:37,0
DA:38,0
DA:40,19
DA:41,502078
DA:42,502078
DA:43,3009331
DA:44,3009331
DA:45,3009331
DA:46,502078
DA:47,17
DA:48,17
DA:51,0
DA:52,0
DA:53,0
DA:54,0
DA:55,0
DA:56,0
DA:57,0
DA:58,0
DA:59,0
DA:60,0
DA:63,0
DA:64,0
DA:65,0
DA:66,0
DA:67,0
DA:68,0
DA:69,0
DA:70,0
DA:72,0
DA:73,0
DA:76,0
DA:77,0
DA:78,0
DA:79,0
DA:80,0
DA:81,0
DA:82,0
DA:83,0
DA:84,0
DA:86,0
DA:87,0
DA:90,0
DA:91,0
DA:92,0
DA:93,0
DA:94,0
DA:95,0
DA:97,0
DA:99,0
DA:100,0
DA:101,0
DA:102,0
DA:103,0
DA:104,0
DA:105,0
DA:106,0
DA:107,0
DA:108,0
DA:109,0
DA:110,0
DA:111,0
DA:112,0
DA:113,0
DA:114,0
DA:115,0
DA:116,0
DA:118,0
DA:119,0
DA:120,0
LF:99
LH:32
BRDA:7,0,0,19
BRDA:11,1,0,2
BRDA:13,2,0,2
BRDA:13,3,0,0
BRDA:16,4,0,2
BRDA:16,5,0,17
BRDA:30,6,0,0
BRDA:30,7,0,17
BRDA:31,8,0,0
BRDA:38,9,0,17
BRDA:40,10,0,502078
BRDA:41,11,0,0
BRDA:42,12,0,3009331
BRDA:43,13,0,0
BRDA:44,14,0,3009323
BRDA:46,15,0,17
BRF:16
BRH:11
end_of_record
TN:
SF:src/extraction/formats/dotenv.ts
FN:4,extractDotenv
FNF:1
FNH:1
FNDA:22,extractDotenv
DA:4,1
DA:5,22
DA:6,22
DA:7,6307
DA:8,6307
DA:9,6307
DA:10,6307
DA:11,6307
DA:12,6235
DA:13,6235
DA:16,6307
DA:17,6172
DA:18,6172
DA:19,3
DA:20,3
DA:21,6172
DA:24,6230
DA:25,6307
DA:26,6187
DA:27,56
DA:28,6174
DA:31,6307
DA:32,6307
DA:33,22
DA:34,22
LF:25
LH:25
BRDA:4,0,0,22
BRDA:6,1,0,6307
BRDA:8,2,0,6279
BRDA:8,3,0,65
BRDA:8,4,0,6242
BRDA:9,5,0,6
BRDA:9,6,0,6236
BRDA:11,7,0,7
BRDA:11,8,0,6235
BRDA:13,9,0,5
BRDA:13,10,0,6230
BRDA:16,11,0,6186
BRDA:16,12,0,6172
BRDA:18,13,0,3
BRDA:21,14,0,6230
BRDA:25,15,0,44
BRDA:25,16,0,6187
BRDA:26,17,0,14
BRDA:26,18,0,56
BRDA:27,19,0,6174
BRDA:31,20,0,6226
BRF:21
BRH:21
end_of_record
TN:
SF:src/extraction/formats/fallback.ts
FN:4,extractFallback
FNF:1
FNH:1
FNDA:22,extractFallback
DA:4,1
DA:5,22
DA:6,22
DA:7,22
DA:9,22
DA:10,22
DA:11,22
DA:12,22
DA:13,22
DA:14,22
DA:15,22
DA:16,22
LF:12
LH:12
BRDA:4,0,0,22
BRDA:10,1,0,5
BRDA:12,2,0,1042
BRDA:13,3,0,1042
BRF:4
BRH:4
end_of_record
TN:
SF:src/extraction/formats/json.ts
FN:5,extractJson
FNF:1
FNH:1
FNDA:23,extractJson
DA:3,1
DA:5,1
DA:6,23
DA:7,23
DA:8,23
DA:9,23
DA:10,23
DA:11,5
DA:12,0
DA:13,0
DA:14,5
DA:15,5
DA:16,23
LF:13
LH:11
BRDA:5,0,0,23
BRDA:10,1,0,5
BRDA:11,2,0,0
BRDA:11,3,0,0
BRF:4
BRH:2
end_of_record
TN:
SF:src/providers/codeActions.ts
FN:6,registerCodeActions
FN:10,provideCodeActions
FNF:2
FNH:1
FNDA:4,registerCodeActions
FNDA:0,provideCodeActions
DA:1,1
DA:2,1
DA:4,1
DA:6,1
DA:8,4
DA:9,4
DA:10,4
DA:11,0
DA:12,0
DA:13,0
DA:14,0
DA:15,0
DA:16,0
DA:17,0
DA:18,0
DA:19,0
DA:20,0
DA:21,0
DA:22,0
DA:23,0
DA:24,4
DA:25,4
DA:26,4
DA:27,4
DA:28,4
DA:29,12
DA:30,12
DA:31,12
DA:32,12
DA:33,12
DA:34,12
DA:35,12
DA:36,12
DA:37,4
LF:34
LH:21
BRDA:6,0,0,4
BRDA:28,1,0,12
BRF:2
BRH:2
end_of_record
TN:
SF:src/telemetry/telemetry.ts
FN:7,createTelemetry
FN:10,isEnabled
FN:18,event
FNF:3
FNH:3
FNDA:5,createTelemetry
FNDA:4,isEnabled
FNDA:4,event
DA:1,1
DA:7,1
DA:8,5
DA:9,5
DA:10,5
DA:11,4
DA:12,4
DA:13,4
DA:14,4
DA:15,4
DA:16,4
DA:17,5
DA:18,5
DA:20,4
DA:21,0
DA:22,4
DA:23,4
DA:24,4
DA:25,5
DA:26,5
LF:20
LH:19
BRDA:7,0,0,5
BRDA:10,1,0,4
BRDA:18,2,0,4
BRDA:20,3,0,0
BRDA:22,4,0,0
BRF:5
BRH:3
end_of_record
TN:
SF:src/test-utils/vscode.mock.ts
FN:8,toString
FNF:1
FNH:0
FNDA:0,toString
DA:1,1
DA:3,1
DA:4,1
DA:5,4
DA:6,4
DA:7,4
DA:8,4
DA:9,1
DA:10,1
DA:11,0
DA:12,0
DA:13,0
DA:14,0
DA:15,1
DA:16,1
DA:18,1
DA:19,1
DA:20,16
DA:21,16
DA:22,16
DA:23,1
DA:24,1
DA:25,1
DA:26,1
DA:27,0
DA:28,0
DA:29,0
DA:30,0
DA:31,1
DA:32,1
DA:33,1
DA:34,1
DA:35,1
DA:36,1
DA:37,1
DA:38,1
DA:39,1
DA:40,1
DA:41,1
DA:42,1
DA:43,1
DA:44,1
DA:45,5
DA:46,1
DA:47,1
DA:49,1
DA:50,1
DA:51,1
DA:52,1
DA:53,1
DA:54,1
DA:55,1
DA:56,1
DA:57,1
DA:58,1
DA:59,5
DA:60,5
DA:61,5
DA:62,1
DA:63,1
DA:64,5
DA:65,5
DA:66,5
DA:67,1
DA:68,1
DA:70,1
DA:71,1
DA:72,1
DA:73,1
DA:75,1
DA:76,1
DA:77,1
DA:78,1
DA:79,1
DA:80,1
DA:81,1
DA:82,1
DA:83,1
DA:84,1
DA:85,1
DA:86,1
DA:87,1
DA:89,1
DA:90,1
DA:91,1
DA:92,1
DA:93,1
DA:95,1
DA:96,1
DA:97,1
DA:99,1
DA:100,1
DA:101,1
DA:102,1
DA:103,1
DA:104,1
DA:106,1
DA:107,1
DA:108,1
DA:109,1
DA:110,1
DA:112,1
DA:113,1
DA:114,1
DA:115,1
DA:116,1
DA:117,1
DA:119,1
DA:120,1
DA:121,16
DA:122,16
DA:123,16
DA:124,1
DA:126,1
DA:127,1
DA:128,1
DA:130,1
DA:131,1
DA:132,1
DA:133,1
DA:135,1
DA:137,1
DA:138,1
DA:139,1
DA:140,1
DA:141,1
DA:144,1
DA:145,0
DA:146,0
DA:147,0
DA:148,0
DA:149,0
DA:150,0
DA:151,0
DA:152,0
DA:155,1
DA:156,0
DA:157,0
DA:158,1
LF:139
LH:121
BRDA:4,0,0,4
BRDA:19,1,0,16
BRDA:44,2,0,5
BRDA:56,3,0,4
BRDA:58,4,0,5
BRDA:63,5,0,5
BRDA:120,6,0,16
BRF:7
BRH:7
end_of_record
TN:
SF:src/ui/largeOutput.ts
FN:8,chooseLargeOutputAction
FN:44,confirmManyDocuments
FNF:2
FNH:0
FNDA:0,chooseLargeOutputAction
FNDA:0,confirmManyDocuments
DA:1,1
DA:2,1
DA:4,1
DA:8,0
DA:9,0
DA:10,0
DA:11,0
DA:13,0
DA:14,0
DA:15,0
DA:16,0
DA:17,0
DA:18,0
DA:19,0
DA:20,0
DA:21,0
DA:22,0
DA:23,0
DA:24,0
DA:25,0
DA:26,0
DA:28,0
DA:30,0
DA:31,0
DA:32,0
DA:33,0
DA:34,0
DA:35,0
DA:36,0
DA:37,0
DA:38,0
DA:39,0
DA:40,0
DA:41,0
DA:42,0
DA:44,0
DA:45,0
DA:46,0
DA:47,0
DA:48,0
DA:49,0
DA:50,0
DA:51,0
DA:52,0
DA:53,0
DA:54,0
DA:55,0
DA:56,0
DA:57,0
DA:58,0
DA:59,0
DA:60,0
DA:62,1
LF:53
LH:4
BRF:0
BRH:0
end_of_record
TN:
SF:src/ui/notifier.ts
FN:15,createNotifier
FN:17,level
FN:25,info
FN:30,warn
FN:35,error
FN:40,showMultilineRisk
FN:52,showCsvNoCopy
FN:64,showPostProcessInfo
FNF:8
FNH:1
FNDA:5,createNotifier
FNDA:0,level
FNDA:0,info
FNDA:0,warn
FNDA:0,error
FNDA:0,showMultilineRisk
FNDA:0,showCsvNoCopy
FNDA:0,showPostProcessInfo
DA:1,1
DA:2,1
DA:4,1
DA:15,1
DA:17,5
DA:18,0
DA:19,0
DA:20,0
DA:21,0
DA:23,0
DA:24,5
DA:25,5
DA:26,0
DA:27,0
DA:28,0
DA:29,0
DA:30,5
DA:31,0
DA:32,0
DA:33,0
DA:34,0
DA:35,5
DA:36,0
DA:37,0
DA:38,0
DA:39,0
DA:40,5
DA:41,0
DA:42,0
DA:43,0
DA:44,0
DA:45,0
DA:46,0
DA:47,0
DA:48,0
DA:49,0
DA:50,0
DA:51,0
DA:52,5
DA:53,0
DA:54,0
DA:55,0
DA:56,0
DA:57,0
DA:58,0
DA:59,0
DA:60,0
DA:61,0
DA:62,0
DA:63,0
DA:64,5
DA:65,0
DA:66,0
DA:67,0
DA:68,0
DA:69,0
DA:70,0
DA:71,0
DA:72,0
DA:73,0
DA:74,0
DA:75,0
DA:76,5
DA:77,5
LF:64
LH:14
BRDA:15,0,0,5
BRF:1
BRH:1
end_of_record
TN:
SF:src/ui/prompts.ts
FN:8,handleCsvHeaderBasedSelection
FN:54,findColumnIndex
FN:81,handleCsvIndexBasedSelection
FN:153,promptForFileType
FN:192,promptCsvOptionsIfNeeded
FNF:5
FNH:2
FNDA:0,handleCsvHeaderBasedSelection
FNDA:0,findColumnIndex
FNDA:0,handleCsvIndexBasedSelection
FNDA:1,promptForFileType
FNDA:4,promptCsvOptionsIfNeeded
DA:1,1
DA:2,1
DA:3,1
DA:5,1
DA:8,0
DA:9,0
DA:10,0
DA:11,0
DA:12,0
DA:13,0
DA:14,0
DA:15,0
DA:16,0
DA:17,0
DA:18,0
DA:19,0
DA:20,0
DA:21,0
DA:22,0
DA:23,0
DA:24,0
DA:25,0
DA:27,0
DA:28,0
DA:29,0
DA:30,0
DA:31,0
DA:32,0
DA:33,0
DA:35,0
DA:36,0
DA:37,0
DA:39,0
DA:40,0
DA:41,0
DA:44,0
DA:45,0
DA:46,0
DA:47,0
DA:50,0
DA:51,0
DA:54,0
DA:55,0
DA:56,0
DA:57,0
DA:59,0
DA:60,0
DA:61,0
DA:62,0
DA:63,0
DA:66,0
DA:67,0
DA:68,0
DA:69,0
DA:70,0
DA:71,0
DA:72,0
DA:73,0
DA:74,0
DA:75,0
DA:77,0
DA:78,0
DA:81,0
DA:82,0
DA:83,0
DA:84,0
DA:85,0
DA:86,0
DA:87,0
DA:88,0
DA:89,0
DA:90,0
DA:91,0
DA:92,0
DA:93,0
DA:94,0
DA:95,0
DA:96,0
DA:97,0
DA:98,0
DA:99,0
DA:100,0
DA:101,0
DA:102,0
DA:103,0
DA:105,0
DA:106,0
DA:107,0
DA:109,0
DA:110,0
DA:111,0
DA:112,0
DA:113,0
DA:114,0
DA:115,0
DA:118,0
DA:119,0
DA:121,0
DA:122,0
DA:124,0
DA:125,0
DA:126,0
DA:127,0
DA:128,0
DA:129,0
DA:130,0
DA:131,0
DA:132,0
DA:133,0
DA:135,0
DA:136,0
DA:137,0
DA:138,0
DA:139,0
DA:140,0
DA:142,0
DA:143,0
DA:153,1
DA:155,1
DA:157,1
DA:158,1
DA:159,1
DA:160,1
DA:161,1
DA:162,1
DA:163,1
DA:164,1
DA:165,1
DA:166,1
DA:167,1
DA:168,1
DA:169,1
DA:170,1
DA:171,1
DA:172,1
DA:173,1
DA:174,1
DA:175,1
DA:176,1
DA:177,1
DA:178,1
DA:179,1
DA:180,1
DA:181,1
DA:182,1
DA:188,1
DA:189,1
DA:190,1
DA:192,4
DA:193,4
DA:194,4
DA:195,4
DA:196,4
DA:198,0
DA:199,0
DA:201,0
DA:202,0
DA:204,0
DA:205,0
DA:207,0
DA:208,0
DA:209,0
DA:210,0
DA:211,0
DA:212,4
LF:165
LH:41
BRDA:153,0,0,1
BRDA:172,1,0,4
BRDA:181,2,0,1
BRDA:182,3,0,0
BRDA:182,4,0,4
BRDA:192,5,0,4
BRDA:196,6,0,0
BRF:7
BRH:5
end_of_record
TN:
SF:src/ui/statusBar.ts
FN:10,createStatusBar
FN:19,updateVisibility
FN:42,dispose
FN:60,dispose
FN:69,flash
FNF:5
FNH:2
FNDA:5,createStatusBar
FNDA:5,updateVisibility
FNDA:0,dispose
FNDA:0,dispose
FNDA:0,flash
DA:1,1
DA:2,1
DA:4,1
DA:10,1
DA:11,5
DA:12,5
DA:13,5
DA:14,5
DA:15,5
DA:16,5
DA:17,5
DA:18,5
DA:19,5
DA:20,5
DA:21,5
DA:22,5
DA:23,5
DA:24,5
DA:25,5
DA:26,0
DA:27,5
DA:28,5
DA:29,5
DA:30,5
DA:31,5
DA:32,5
DA:33,0
DA:34,5
DA:35,5
DA:36,5
DA:38,5
DA:40,5
DA:41,5
DA:42,5
DA:43,0
DA:44,0
DA:45,5
DA:46,5
DA:47,0
DA:48,0
DA:49,0
DA:50,0
DA:51,0
DA:52,0
DA:53,0
DA:54,5
DA:55,5
DA:56,5
DA:59,5
DA:60,5
DA:61,0
DA:62,0
DA:63,0
DA:64,0
DA:65,0
DA:66,5
DA:68,5
DA:69,5
DA:71,0
DA:72,0
DA:73,0
DA:74,0
DA:76,0
DA:79,0
DA:80,0
DA:81,0
DA:84,0
DA:87,0
DA:88,0
DA:89,0
DA:90,0
DA:91,0
DA:92,0
DA:93,0
DA:94,0
DA:95,0
DA:96,0
DA:97,0
DA:98,0
DA:99,5
DA:100,5
LF:81
LH:44
BRDA:10,0,0,5
BRDA:19,1,0,5
BRDA:25,2,0,0
BRDA:32,3,0,0
BRF:4
BRH:2
end_of_record
TN:
SF:src/utils/csv.ts
FN:2,splitCsvLine
FNF:1
FNH:1
FNDA:3,splitCsvLine
DA:2,1
DA:3,3
DA:4,2
DA:5,2
DA:6,2
DA:8,3
DA:9,21
DA:10,21
DA:11,5
DA:12,1
DA:13,1
DA:14,1
DA:15,1
DA:16,4
DA:17,4
DA:18,4
DA:19,21
DA:20,4
DA:21,4
DA:22,4
DA:23,4
DA:24,12
DA:25,12
DA:26,2
DA:27,2
DA:28,2
LF:26
LH:26
BRDA:2,0,0,3
BRDA:3,1,0,1
BRDA:3,2,0,2
BRDA:8,3,0,21
BRDA:10,4,0,5
BRDA:11,5,0,3
BRDA:11,6,0,3
BRDA:11,7,0,1
BRDA:15,8,0,4
BRDA:18,9,0,16
BRDA:19,10,0,5
BRDA:19,11,0,4
BRDA:23,12,0,12
BRDA:25,13,0,2
BRF:14
BRH:14
end_of_record
TN:
SF:src/utils/filename.ts
FN:5,detectEnvExtension
FNF:1
FNH:1
FNDA:19,detectEnvExtension
DA:2,1
DA:5,1
DA:6,19
DA:7,19
DA:8,12
DA:9,12
DA:10,12
LF:7
LH:7
BRDA:5,0,0,19
BRDA:7,1,0,16
BRDA:7,2,0,12
BRDA:7,3,0,7
BRF:4
BRH:4
end_of_record
TN:
SF:src/utils/performance.bench.ts
FN:1,(empty-report)
FNF:1
FNH:0
FNDA:0,(empty-report)
DA:1,0
DA:2,0
DA:5,0
DA:6,0
DA:7,0
DA:8,0
DA:9,0
DA:10,0
DA:11,0
DA:12,0
DA:13,0
DA:14,0
DA:15,0
DA:16,0
DA:17,0
DA:18,0
DA:19,0
DA:21,0
DA:22,0
DA:24,0
DA:25,0
DA:26,0
DA:27,0
DA:28,0
DA:29,0
DA:30,0
DA:31,0
DA:32,0
DA:34,0
DA:35,0
DA:36,0
DA:37,0
DA:39,0
DA:40,0
DA:42,0
DA:43,0
DA:44,0
DA:45,0
DA:46,0
DA:47,0
DA:48,0
DA:49,0
DA:50,0
DA:52,0
DA:53,0
DA:54,0
DA:55,0
DA:57,0
DA:58,0
DA:60,0
DA:61,0
DA:62,0
DA:63,0
DA:64,0
DA:65,0
DA:66,0
DA:67,0
DA:68,0
DA:70,0
DA:71,0
DA:72,0
DA:73,0
DA:75,0
DA:76,0
DA:79,0
DA:80,0
DA:81,0
DA:82,0
DA:84,0
DA:85,0
DA:86,0
DA:87,0
DA:89,0
DA:90,0
DA:91,0
DA:92,0
DA:94,0
DA:95,0
DA:96,0
DA:97,0
DA:99,0
DA:100,0
DA:101,0
DA:102,0
DA:104,0
DA:105,0
DA:106,0
DA:107,0
DA:109,0
DA:110,0
DA:111,0
DA:112,0
DA:114,0
DA:115,0
DA:116,0
DA:117,0
DA:119,0
DA:120,0
DA:121,0
DA:122,0
DA:124,0
DA:125,0
DA:126,0
DA:127,0
DA:129,0
DA:130,0
DA:131,0
DA:132,0
DA:134,0
DA:135,0
DA:136,0
DA:137,0
DA:139,0
DA:140,0
DA:141,0
DA:142,0
DA:144,0
DA:145,0
DA:146,0
DA:147,0
DA:149,0
DA:150,0
DA:151,0
DA:152,0
DA:154,0
DA:155,0
DA:156,0
DA:157,0
DA:160,0
DA:161,0
DA:162,0
DA:165,0
DA:166,0
DA:167,0
DA:168,0
DA:170,0
DA:171,0
DA:172,0
DA:175,0
DA:176,0
DA:177,0
DA:178,0
DA:180,0
DA:181,0
DA:182,0
DA:185,0
DA:186,0
DA:187,0
DA:188,0
DA:190,0
DA:191,0
DA:192,0
DA:195,0
DA:196,0
DA:197,0
DA:198,0
LF:156
LH:0
BRDA:1,0,0,0
BRF:1
BRH:0
end_of_record
TN:
SF:src/utils/text.ts
FN:10,dedupe
FN:19,sortStrings
FNF:2
FNH:2
FNDA:8,dedupe
FNDA:16,sortStrings
DA:10,1
DA:11,8
DA:12,8
DA:13,7
DA:14,7
DA:16,1
DA:19,1
DA:20,16
DA:21,16
DA:22,16
DA:23,16
DA:24,16
DA:25,16
DA:26,14
DA:27,14
DA:28,16
DA:29,8
DA:30,8
DA:31,16
DA:32,2
DA:33,2
DA:34,16
DA:35,2
DA:36,2
DA:37,16
DA:38,2
DA:39,2
DA:40,16
DA:41,14
DA:42,14
LF:30
LH:30
BRDA:10,0,0,8
BRDA:12,1,0,7
BRDA:12,2,0,1
BRDA:19,3,0,16
BRDA:24,4,0,0
BRDA:25,5,0,2
BRDA:25,6,0,14
BRDA:28,7,0,8
BRDA:31,8,0,2
BRDA:34,9,0,2
BRDA:37,10,0,2
BRDA:40,11,0,14
BRDA:29,12,0,25
BRDA:32,13,0,10
BRDA:35,14,0,8
BRDA:35,15,0,2
BRDA:38,16,0,8
BRDA:38,17,0,2
BRF:18
BRH:17
end_of_record
TN:
SF:src/utils/trim.ts
FN:3,applyTrimMode
FNF:1
FNH:1
FNDA:24,applyTrimMode
DA:3,1
DA:4,24
DA:5,24
DA:6,8
DA:7,24
DA:8,8
DA:9,24
DA:10,8
DA:11,24
DA:12,24
LF:10
LH:10
BRDA:3,0,0,24
BRDA:5,1,0,8
BRDA:7,2,0,8
BRDA:9,3,0,8
BRF:4
BRH:4
end_of_record
